This is XeTeX, Version 3.141592653-2.6-0.999994 (TeX Live 2022) (preloaded format=xelatex 2023.3.31)  15 MAY 2023 13:24
entering extended mode
 restricted \write18 enabled.
 file:line:error style messages enabled.
 %&-line parsing enabled.
**/Users/jinyc/VSCode/Survey/sample-acmsmall-biblatex
(/Users/jinyc/VSCode/Survey/sample-acmsmall-biblatex.tex
LaTeX2e <2021-11-15> patch level 1
L3 programming layer <2022-02-24> (./acmart.cls
Document Class: acmart 2023/03/30 v1.90 Typesetting articles for the Association for Computing Machinery
(/usr/local/texlive/2022/texmf-dist/tex/latex/xkeyval/xkeyval.sty
Package: xkeyval 2020/11/20 v2.8 package option processing (HA)
 (/usr/local/texlive/2022/texmf-dist/tex/generic/xkeyval/xkeyval.tex (/usr/local/texlive/2022/texmf-dist/tex/generic/xkeyval/xkvutils.tex
\XKV@toks=\toks16
\XKV@tempa@toks=\toks17
 (/usr/local/texlive/2022/texmf-dist/tex/generic/xkeyval/keyval.tex))
\XKV@depth=\count181
File: xkeyval.tex 2014/12/03 v2.7a key=value parser (HA)
)) (/usr/local/texlive/2022/texmf-dist/tex/generic/xstring/xstring.sty (/usr/local/texlive/2022/texmf-dist/tex/generic/xstring/xstring.tex
\integerpart=\count182
\decimalpart=\count183
)
Package: xstring 2021/07/21 v1.84 String manipulations (CT)
) (/usr/local/texlive/2022/texmf-dist/tex/generic/iftex/iftex.sty
Package: iftex 2022/02/03 v1.0f TeX engine tests
)
Package acmart Info: Not using screen mode on input line 76.
Package acmart Info: Using breaking urls on hyphens on input line 84.
Package acmart Info: Requiring acmthm on input line 92.
Package acmart Info: Not using review mode on input line 101.
Package acmart Info: Not using authorversion mode on input line 109.
Package acmart Info: Not using nonacm mode on input line 121.
Package acmart Info: Explicitly selecting natbib mode on input line 137.
Package acmart Info: Not using anonymous mode on input line 145.
Package acmart Info: Not using timestamp mode on input line 153.
Package acmart Info: Not using authordraft mode on input line 163.
Package acmart Info: Explicitly deselecting natbib mode on input line 178.
Class acmart Info: Using format acmsmall, number 1 on input line 178.
Class acmart Info: Using fontsize 10pt on input line 277.
 (/usr/local/texlive/2022/texmf-dist/tex/latex/amscls/amsart.cls
Document Class: amsart 2020/05/29 v2.20.6
\linespacing=\dimen138
\normalparindent=\dimen139
\normaltopskip=\skip47
(/usr/local/texlive/2022/texmf-dist/tex/latex/amsmath/amsmath.sty
Package: amsmath 2021/10/15 v2.17l AMS math features
\@mathmargin=\skip48

For additional information on amsmath, use the `?' option.
(/usr/local/texlive/2022/texmf-dist/tex/latex/amsmath/amstext.sty
Package: amstext 2021/08/26 v2.01 AMS text
 (/usr/local/texlive/2022/texmf-dist/tex/latex/amsmath/amsgen.sty
File: amsgen.sty 1999/11/30 v2.0 generic functions
\@emptytoks=\toks18
\ex@=\dimen140
)) (/usr/local/texlive/2022/texmf-dist/tex/latex/amsmath/amsbsy.sty
Package: amsbsy 1999/11/29 v1.2d Bold Symbols
\pmbraise@=\dimen141
) (/usr/local/texlive/2022/texmf-dist/tex/latex/amsmath/amsopn.sty
Package: amsopn 2021/08/26 v2.02 operator names
)
\inf@bad=\count184
LaTeX Info: Redefining \frac on input line 234.
\uproot@=\count185
\leftroot@=\count186
LaTeX Info: Redefining \overline on input line 399.
\classnum@=\count187
\DOTSCASE@=\count188
LaTeX Info: Redefining \ldots on input line 496.
LaTeX Info: Redefining \dots on input line 499.
LaTeX Info: Redefining \cdots on input line 620.
\Mathstrutbox@=\box50
\strutbox@=\box51
\big@size=\dimen142
LaTeX Font Info:    Redeclaring font encoding OML on input line 743.
LaTeX Font Info:    Redeclaring font encoding OMS on input line 744.
\macc@depth=\count189
\c@MaxMatrixCols=\count190
\dotsspace@=\muskip16
\c@parentequation=\count191
\dspbrk@lvl=\count192
\tag@help=\toks19
\row@=\count193
\column@=\count194
\maxfields@=\count195
\andhelp@=\toks20
\eqnshift@=\dimen143
\alignsep@=\dimen144
\tagshift@=\dimen145
\tagwidth@=\dimen146
\totwidth@=\dimen147
\lineht@=\dimen148
\@envbody=\toks21
\multlinegap=\skip49
\multlinetaggap=\skip50
\mathdisplay@stack=\toks22
LaTeX Info: Redefining \[ on input line 2938.
LaTeX Info: Redefining \] on input line 2939.
)
LaTeX Font Info:    Trying to load font information for U+msa on input line 397.
 (/usr/local/texlive/2022/texmf-dist/tex/latex/amsfonts/umsa.fd
File: umsa.fd 2013/01/14 v3.01 AMS symbols A
) (/usr/local/texlive/2022/texmf-dist/tex/latex/amsfonts/amsfonts.sty
Package: amsfonts 2013/01/14 v3.01 Basic AMSFonts support
\symAMSa=\mathgroup4
\symAMSb=\mathgroup5
LaTeX Font Info:    Redeclaring math symbol \hbar on input line 98.
LaTeX Font Info:    Overwriting math alphabet `\mathfrak' in version `bold'
(Font)                  U/euf/m/n --> U/euf/b/n on input line 106.
)
\copyins=\insert199
\abstractbox=\box52
\listisep=\skip51
\c@part=\count196
\c@section=\count197
\c@subsection=\count198
\c@subsubsection=\count266
\c@paragraph=\count267
\c@subparagraph=\count268
\c@figure=\count269
\c@table=\count270
\abovecaptionskip=\skip52
\belowcaptionskip=\skip53
\captionindent=\dimen149
\thm@style=\toks23
\thm@bodyfont=\toks24
\thm@headfont=\toks25
\thm@notefont=\toks26
\thm@headpunct=\toks27
\thm@preskip=\skip54
\thm@postskip=\skip55
\thm@headsep=\skip56
\dth@everypar=\toks28
) (/usr/local/texlive/2022/texmf-dist/tex/latex/microtype/microtype.sty
Package: microtype 2022/03/14 v3.0d Micro-typographical refinements (RS)
 (/usr/local/texlive/2022/texmf-dist/tex/latex/etoolbox/etoolbox.sty
Package: etoolbox 2020/10/05 v2.5k e-TeX tools for LaTeX (JAW)
\etb@tempcnta=\count271
)
\MT@toks=\toks29
\MT@tempbox=\box53
\MT@count=\count272
LaTeX Info: Redefining \noprotrusionifhmode on input line 1027.
LaTeX Info: Redefining \leftprotrusion on input line 1028.
LaTeX Info: Redefining \rightprotrusion on input line 1036.
LaTeX Info: Redefining \textls on input line 1195.
\MT@outer@kern=\dimen150
LaTeX Info: Redefining \textmicrotypecontext on input line 1781.
\MT@listname@count=\count273
 (/usr/local/texlive/2022/texmf-dist/tex/latex/microtype/microtype-xetex.def
File: microtype-xetex.def 2022/03/14 v3.0d Definitions specific to xetex (RS)
LaTeX Info: Redefining \lsstyle on input line 236.
)
Package microtype Info: Loading configuration file microtype.cfg.
 (/usr/local/texlive/2022/texmf-dist/tex/latex/microtype/microtype.cfg
File: microtype.cfg 2022/03/14 v3.0d microtype main configuration file (RS)
)) (/usr/local/texlive/2022/texmf-dist/tex/latex/booktabs/booktabs.sty
Package: booktabs 2020/01/12 v1.61803398 Publication quality tables
\heavyrulewidth=\dimen151
\lightrulewidth=\dimen152
\cmidrulewidth=\dimen153
\belowrulesep=\dimen154
\belowbottomsep=\dimen155
\aboverulesep=\dimen156
\abovetopsep=\dimen157
\cmidrulesep=\dimen158
\cmidrulekern=\dimen159
\defaultaddspace=\dimen160
\@cmidla=\count274
\@cmidlb=\count275
\@aboverulesep=\dimen161
\@belowrulesep=\dimen162
\@thisruleclass=\count276
\@lastruleclass=\count277
\@thisrulewidth=\dimen163
) (/usr/local/texlive/2022/texmf-dist/tex/latex/refcount/refcount.sty
Package: refcount 2019/12/15 v3.6 Data extraction from label references (HO)
 (/usr/local/texlive/2022/texmf-dist/tex/generic/ltxcmds/ltxcmds.sty
Package: ltxcmds 2020-05-10 v1.25 LaTeX kernel commands for general use (HO)
) (/usr/local/texlive/2022/texmf-dist/tex/generic/infwarerr/infwarerr.sty
Package: infwarerr 2019/12/03 v1.5 Providing info/warning/error messages (HO)
)) (/usr/local/texlive/2022/texmf-dist/tex/latex/totpages/totpages.sty
Package: totpages 2005/09/19 v2.00 Totpages Package (muewi)
 (/usr/local/texlive/2022/texmf-dist/tex/latex/everyshi/everyshi.sty
Package: everyshi 2020/11/18 v4.00 EveryShipout Package
)) (/usr/local/texlive/2022/texmf-dist/tex/latex/environ/environ.sty
Package: environ 2014/05/04 v0.3 A new way to define environments
 (/usr/local/texlive/2022/texmf-dist/tex/latex/trimspaces/trimspaces.sty
Package: trimspaces 2009/09/17 v1.1 Trim spaces around a token list
)) (/usr/local/texlive/2022/texmf-dist/tex/latex/textcase/textcase.sty
Package: textcase 2019/09/14 v1.00 Text only upper/lower case changing (DPC)
)
\@ACM@acmcp@delta=\dimen164
 (/usr/local/texlive/2022/texmf-dist/tex/latex/hyperxmp/hyperxmp.sty
Package: hyperxmp 2020/11/22 v5.9 Store hyperref metadata in XMP format
\hyxmp@aep@toks=\toks30
 (/usr/local/texlive/2022/texmf-dist/tex/latex/kvoptions/kvoptions.sty
Package: kvoptions 2020-10-07 v3.14 Key value format for package options (HO)
 (/usr/local/texlive/2022/texmf-dist/tex/generic/kvsetkeys/kvsetkeys.sty
Package: kvsetkeys 2019/12/15 v1.18 Key value parser (HO)
)) (/usr/local/texlive/2022/texmf-dist/tex/generic/pdfescape/pdfescape.sty
Package: pdfescape 2019/12/09 v1.15 Implements pdfTeX's escape features (HO)
 (/usr/local/texlive/2022/texmf-dist/tex/generic/pdftexcmds/pdftexcmds.sty
Package: pdftexcmds 2020-06-27 v0.33 Utility functions of pdfTeX for LuaTeX (HO)
Package pdftexcmds Info: \pdf@primitive is available.
Package pdftexcmds Info: \pdf@ifprimitive is available.
Package pdftexcmds Info: \pdfdraftmode not found.
)) (/usr/local/texlive/2022/texmf-dist/tex/generic/stringenc/stringenc.sty
Package: stringenc 2019/11/29 v1.12 Convert strings between diff. encodings (HO)
) (/usr/local/texlive/2022/texmf-dist/tex/generic/intcalc/intcalc.sty
Package: intcalc 2019/12/15 v1.3 Expandable calculations with integers (HO)
) (/usr/local/texlive/2022/texmf-dist/tex/latex/ifmtarg/ifmtarg.sty
Package: ifmtarg 2018/04/16 v1.2b check for an empty argument
) (/usr/local/texlive/2022/texmf-dist/tex/latex/base/ifthen.sty
Package: ifthen 2020/11/24 v1.1c Standard LaTeX ifthen package (DPC)
) (/usr/local/texlive/2022/texmf-dist/tex/latex/oberdiek/ifdraft.sty
Package: ifdraft 2016/05/16 v1.4 Detect class options draft and final (HO)
) (/usr/local/texlive/2022/texmf-dist/tex/generic/iftex/ifluatex.sty
Package: ifluatex 2019/10/25 v1.5 ifluatex legacy package. Use iftex instead.
)) (/usr/local/texlive/2022/texmf-dist/tex/latex/hyperref/hyperref.sty
Package: hyperref 2022-02-21 v7.00n Hypertext links for LaTeX
 (/usr/local/texlive/2022/texmf-dist/tex/generic/kvdefinekeys/kvdefinekeys.sty
Package: kvdefinekeys 2019-12-19 v1.6 Define keys (HO)
) (/usr/local/texlive/2022/texmf-dist/tex/latex/hycolor/hycolor.sty
Package: hycolor 2020-01-27 v1.10 Color options for hyperref/bookmark (HO)
) (/usr/local/texlive/2022/texmf-dist/tex/latex/letltxmacro/letltxmacro.sty
Package: letltxmacro 2019/12/03 v1.6 Let assignment for LaTeX macros (HO)
) (/usr/local/texlive/2022/texmf-dist/tex/latex/auxhook/auxhook.sty
Package: auxhook 2019-12-17 v1.6 Hooks for auxiliary files (HO)
)
\@linkdim=\dimen165
\Hy@linkcounter=\count278
\Hy@pagecounter=\count279
 (/usr/local/texlive/2022/texmf-dist/tex/latex/hyperref/pd1enc.def
File: pd1enc.def 2022-02-21 v7.00n Hyperref: PDFDocEncoding definition (HO)
) (/usr/local/texlive/2022/texmf-dist/tex/generic/etexcmds/etexcmds.sty
Package: etexcmds 2019/12/15 v1.7 Avoid name clashes with e-TeX commands (HO)
)
\Hy@SavedSpaceFactor=\count280
 (/usr/local/texlive/2022/texmf-dist/tex/latex/hyperref/puenc.def
File: puenc.def 2022-02-21 v7.00n Hyperref: PDF Unicode definition (HO)
)
Package hyperref Info: Option `bookmarksnumbered' set `true' on input line 4018.
Package hyperref Info: Option `unicode' set `true' on input line 4018.
Package hyperref Info: Hyper figures OFF on input line 4137.
Package hyperref Info: Link nesting OFF on input line 4142.
Package hyperref Info: Hyper index ON on input line 4145.
Package hyperref Info: Plain pages OFF on input line 4152.
Package hyperref Info: Backreferencing OFF on input line 4157.
Package hyperref Info: Implicit mode ON; LaTeX internals redefined.
Package hyperref Info: Bookmarks ON on input line 4390.
\c@Hy@tempcnt=\count281
 (/usr/local/texlive/2022/texmf-dist/tex/latex/url/url.sty
\Urlmuskip=\muskip17
Package: url 2013/09/16  ver 3.4  Verb mode for urls, etc.
)
LaTeX Info: Redefining \url on input line 4749.
\XeTeXLinkMargin=\dimen166
 (/usr/local/texlive/2022/texmf-dist/tex/generic/bitset/bitset.sty
Package: bitset 2019/12/09 v1.3 Handle bit-vector datatype (HO)
 (/usr/local/texlive/2022/texmf-dist/tex/generic/bigintcalc/bigintcalc.sty
Package: bigintcalc 2019/12/15 v1.5 Expandable calculations on big integers (HO)
))
\Fld@menulength=\count282
\Field@Width=\dimen167
\Fld@charsize=\dimen168
Package hyperref Info: Hyper figures OFF on input line 6027.
Package hyperref Info: Link nesting OFF on input line 6032.
Package hyperref Info: Hyper index ON on input line 6035.
Package hyperref Info: backreferencing OFF on input line 6042.
Package hyperref Info: Link coloring OFF on input line 6047.
Package hyperref Info: Link coloring with OCG OFF on input line 6052.
Package hyperref Info: PDF/A mode OFF on input line 6057.
LaTeX Info: Redefining \ref on input line 6097.
LaTeX Info: Redefining \pageref on input line 6101.
 (/usr/local/texlive/2022/texmf-dist/tex/latex/base/atbegshi-ltx.sty
Package: atbegshi-ltx 2021/01/10 v1.0c Emulation of the original atbegshi
package with kernel methods
)
\Hy@abspage=\count283
\c@Item=\count284
\c@Hfootnote=\count285
)
Package hyperref Info: Driver (autodetected): hxetex.
 (/usr/local/texlive/2022/texmf-dist/tex/latex/hyperref/hxetex.def
File: hxetex.def 2022-02-21 v7.00n Hyperref driver for XeTeX
\pdfm@box=\box54
\c@Hy@AnnotLevel=\count286
\HyField@AnnotCount=\count287
\Fld@listcount=\count288
\c@bookmark@seq@number=\count289
 (/usr/local/texlive/2022/texmf-dist/tex/latex/rerunfilecheck/rerunfilecheck.sty
Package: rerunfilecheck 2019/12/05 v1.9 Rerun checks for auxiliary files (HO)
 (/usr/local/texlive/2022/texmf-dist/tex/latex/base/atveryend-ltx.sty
Package: atveryend-ltx 2020/08/19 v1.0a Emulation of the original atveryend package
with kernel methods
) (/usr/local/texlive/2022/texmf-dist/tex/generic/uniquecounter/uniquecounter.sty
Package: uniquecounter 2019/12/15 v1.4 Provide unlimited unique counter (HO)
)
Package uniquecounter Info: New unique counter `rerunfilecheck' on input line 286.
)
\Hy@SectionHShift=\skip57
) (/usr/local/texlive/2022/texmf-dist/tex/latex/graphics/graphicx.sty
Package: graphicx 2021/09/16 v1.2d Enhanced LaTeX Graphics (DPC,SPQR)
 (/usr/local/texlive/2022/texmf-dist/tex/latex/graphics/graphics.sty
Package: graphics 2021/03/04 v1.4d Standard LaTeX Graphics (DPC,SPQR)
 (/usr/local/texlive/2022/texmf-dist/tex/latex/graphics/trig.sty
Package: trig 2021/08/11 v1.11 sin cos tan (DPC)
) (/usr/local/texlive/2022/texmf-dist/tex/latex/graphics-cfg/graphics.cfg
File: graphics.cfg 2016/06/04 v1.11 sample graphics configuration
)
Package graphics Info: Driver file: xetex.def on input line 107.
 (/usr/local/texlive/2022/texmf-dist/tex/latex/graphics-def/xetex.def
File: xetex.def 2021/03/18 v5.0k Graphics/color driver for xetex
))
\Gin@req@height=\dimen169
\Gin@req@width=\dimen170
) (/usr/local/texlive/2022/texmf-dist/tex/latex/xcolor/xcolor.sty
Package: xcolor 2021/10/31 v2.13 LaTeX color extensions (UK)
 (/usr/local/texlive/2022/texmf-dist/tex/latex/graphics-cfg/color.cfg
File: color.cfg 2016/01/02 v1.6 sample color configuration
)
Package xcolor Info: Driver file: xetex.def on input line 227.
Package xcolor Info: Model `cmy' substituted by `cmy0' on input line 1352.
Package xcolor Info: Model `RGB' extended on input line 1368.
Package xcolor Info: Model `HTML' substituted by `rgb' on input line 1370.
Package xcolor Info: Model `Hsb' substituted by `hsb' on input line 1371.
Package xcolor Info: Model `tHsb' substituted by `hsb' on input line 1372.
Package xcolor Info: Model `HSB' substituted by `hsb' on input line 1373.
Package xcolor Info: Model `Gray' substituted by `gray' on input line 1374.
Package xcolor Info: Model `wave' substituted by `hsb' on input line 1375.
) (/usr/local/texlive/2022/texmf-dist/tex/latex/geometry/geometry.sty
Package: geometry 2020/01/02 v5.9 Page Geometry
 (/usr/local/texlive/2022/texmf-dist/tex/generic/iftex/ifvtex.sty
Package: ifvtex 2019/10/25 v1.7 ifvtex legacy package. Use iftex instead.
)
\Gm@cnth=\count290
\Gm@cntv=\count291
\c@Gm@tempcnt=\count292
\Gm@bindingoffset=\dimen171
\Gm@wd@mp=\dimen172
\Gm@odd@mp=\dimen173
\Gm@even@mp=\dimen174
\Gm@layoutwidth=\dimen175
\Gm@layoutheight=\dimen176
\Gm@layouthoffset=\dimen177
\Gm@layoutvoffset=\dimen178
\Gm@dimlist=\toks31
) (/usr/local/texlive/2022/texmf-dist/tex/latex/ncctools/manyfoot.sty
Package: manyfoot 2019/08/03 v1.11 Many Footnote Levels Package (NCC)
 (/usr/local/texlive/2022/texmf-dist/tex/latex/ncctools/nccfoots.sty
Package: nccfoots 2005/02/03 v1.2 NCC Footnotes Package (NCC)
)
\MFL@columnwidth=\dimen179
)
\footinsauthorsaddresses=\insert252
\c@footnoteauthorsaddresses=\count293
\footinscopyrightpermission=\insert251
\c@footnotecopyrightpermission=\count294
 (/usr/local/texlive/2022/texmf-dist/tex/latex/base/fontenc.sty
Package: fontenc 2021/04/29 v2.0v Standard LaTeX package
LaTeX Font Info:    Trying to load font information for T1+lmr on input line 112.
 (/usr/local/texlive/2022/texmf-dist/tex/latex/lm/t1lmr.fd
File: t1lmr.fd 2015/05/01 v1.6.1 Font defs for Latin Modern
)) (/usr/local/texlive/2022/texmf-dist/tex/latex/newtx/newtxmath.sty
Package: newtxmath 2022/01/16 v1.71
 `newtxmath' v1.71, 2022/01/16 Math macros based originally on txfonts (msharpe) (/usr/local/texlive/2022/texmf-dist/tex/generic/iftex/ifxetex.sty
Package: ifxetex 2019/10/25 v0.7 ifxetex legacy package. Use iftex instead.
) (/usr/local/texlive/2022/texmf-dist/tex/latex/oberdiek/centernot.sty
Package: centernot 2016/05/16 v1.4 Centers the not symbol horizontally (HO)
)
\tx@cntz=\count295
 (/usr/local/texlive/2022/texmf-dist/tex/generic/kastrup/binhex.tex)
\tx@Isdigit=\count296
\tx@IsAlNum=\count297
\tx@tA=\toks32
\tx@tB=\toks33
\tx@su=\read2

amsthm NOT loaded
LaTeX Font Info:    Redeclaring symbol font `operators' on input line 376.
LaTeX Font Info:    Overwriting symbol font `operators' in version `normal'
(Font)                  OT1/cmr/m/n --> OT1/minlibertine/m/n on input line 376.
LaTeX Font Info:    Overwriting symbol font `operators' in version `bold'
(Font)                  OT1/cmr/bx/n --> OT1/minlibertine/m/n on input line 376.
LaTeX Font Info:    Overwriting symbol font `operators' in version `bold'
(Font)                  OT1/minlibertine/m/n --> OT1/minlibertine/b/n on input line 377.
LaTeX Font Info:    Redeclaring math alphabet \mathsf on input line 383.
LaTeX Font Info:    Overwriting math alphabet `\mathsf' in version `normal'
(Font)                  OT1/cmss/m/n --> T1/lmss/m/n on input line 383.
LaTeX Font Info:    Overwriting math alphabet `\mathsf' in version `bold'
(Font)                  OT1/cmss/bx/n --> T1/lmss/m/n on input line 383.
LaTeX Font Info:    Redeclaring math alphabet \mathit on input line 384.
LaTeX Font Info:    Overwriting math alphabet `\mathit' in version `normal'
(Font)                  OT1/cmr/m/it --> OT1/minlibertine/m/it on input line 384.
LaTeX Font Info:    Overwriting math alphabet `\mathit' in version `bold'
(Font)                  OT1/cmr/bx/it --> OT1/minlibertine/m/it on input line 384.
LaTeX Font Info:    Redeclaring math alphabet \mathtt on input line 385.
LaTeX Font Info:    Overwriting math alphabet `\mathtt' in version `normal'
(Font)                  OT1/cmtt/m/n --> T1/lmtt/m/n on input line 385.
LaTeX Font Info:    Overwriting math alphabet `\mathtt' in version `bold'
(Font)                  OT1/cmtt/m/n --> T1/lmtt/m/n on input line 385.
LaTeX Font Info:    Redeclaring math alphabet \mathbf on input line 387.
LaTeX Font Info:    Overwriting math alphabet `\mathbf' in version `normal'
(Font)                  OT1/cmr/bx/n --> OT1/minlibertine/b/n on input line 387.
LaTeX Font Info:    Overwriting math alphabet `\mathbf' in version `bold'
(Font)                  OT1/cmr/bx/n --> OT1/minlibertine/b/n on input line 387.
LaTeX Font Info:    Overwriting math alphabet `\mathit' in version `bold'
(Font)                  OT1/minlibertine/m/it --> OT1/minlibertine/b/it on input line 388.
LaTeX Font Info:    Overwriting math alphabet `\mathsf' in version `bold'
(Font)                  T1/lmss/m/n --> T1/lmss/b/n on input line 389.
LaTeX Font Info:    Overwriting math alphabet `\mathtt' in version `bold'
(Font)                  T1/lmtt/m/n --> T1/lmtt/b/n on input line 390.
LaTeX Font Info:    Redeclaring symbol font `letters' on input line 407.
LaTeX Font Info:    Overwriting symbol font `letters' in version `normal'
(Font)                  OML/cmm/m/it --> OML/nxlmi/m/it on input line 407.
LaTeX Font Info:    Overwriting symbol font `letters' in version `bold'
(Font)                  OML/cmm/b/it --> OML/nxlmi/m/it on input line 407.
LaTeX Font Info:    Overwriting symbol font `letters' in version `bold'
(Font)                  OML/nxlmi/m/it --> OML/nxlmi/b/it on input line 408.
\symlettersA=\mathgroup6
LaTeX Font Info:    Overwriting symbol font `lettersA' in version `bold'
(Font)                  U/ntxmia/m/it --> U/ntxmia/b/it on input line 547.
LaTeX Font Info:    Redeclaring math alphabet \mathfrak on input line 549.
LaTeX Font Info:    Redeclaring symbol font `symbols' on input line 568.
LaTeX Font Info:    Encoding `OMS' has changed to `LMS' for symbol font
(Font)              `symbols' in the math version `normal' on input line 568.
LaTeX Font Info:    Overwriting symbol font `symbols' in version `normal'
(Font)                  OMS/cmsy/m/n --> LMS/ntxsy/m/n on input line 568.
LaTeX Font Info:    Encoding `OMS' has changed to `LMS' for symbol font
(Font)              `symbols' in the math version `bold' on input line 568.
LaTeX Font Info:    Overwriting symbol font `symbols' in version `bold'
(Font)                  OMS/cmsy/b/n --> LMS/ntxsy/m/n on input line 568.
LaTeX Font Info:    Overwriting symbol font `symbols' in version `bold'
(Font)                  LMS/ntxsy/m/n --> LMS/ntxsy/b/n on input line 569.
\symAMSm=\mathgroup7
LaTeX Font Info:    Overwriting symbol font `AMSm' in version `bold'
(Font)                  U/ntxsym/m/n --> U/ntxsym/b/n on input line 594.
\symsymbolsC=\mathgroup8
LaTeX Font Info:    Overwriting symbol font `symbolsC' in version `bold'
(Font)                  U/ntxsyc/m/n --> U/ntxsyc/b/n on input line 615.
LaTeX Font Info:    Redeclaring symbol font `largesymbols' on input line 628.
LaTeX Font Info:    Encoding `OMX' has changed to `LMX' for symbol font
(Font)              `largesymbols' in the math version `normal' on input line 628.
LaTeX Font Info:    Overwriting symbol font `largesymbols' in version `normal'
(Font)                  OMX/cmex/m/n --> LMX/ntxexx/m/n on input line 628.
LaTeX Font Info:    Encoding `OMX' has changed to `LMX' for symbol font
(Font)              `largesymbols' in the math version `bold' on input line 628.
LaTeX Font Info:    Overwriting symbol font `largesymbols' in version `bold'
(Font)                  OMX/cmex/m/n --> LMX/ntxexx/m/n on input line 628.
LaTeX Font Info:    Overwriting symbol font `largesymbols' in version `bold'
(Font)                  LMX/ntxexx/m/n --> LMX/ntxexx/b/n on input line 629.
\symlargesymbolsTXA=\mathgroup9
LaTeX Font Info:    Overwriting symbol font `largesymbolsTXA' in version `bold'
(Font)                  U/ntxexa/m/n --> U/ntxexa/b/n on input line 643.
\tx@sbptoks=\toks34
LaTeX Font Info:    Redeclaring math delimiter \lfloor on input line 866.
LaTeX Font Info:    Redeclaring math delimiter \rfloor on input line 867.
LaTeX Font Info:    Redeclaring math delimiter \lceil on input line 868.
LaTeX Font Info:    Redeclaring math delimiter \rceil on input line 869.
LaTeX Font Info:    Redeclaring math delimiter \lbrace on input line 870.
LaTeX Font Info:    Redeclaring math delimiter \rbrace on input line 871.
LaTeX Font Info:    Redeclaring math delimiter \langle on input line 872.
LaTeX Font Info:    Redeclaring math delimiter \rangle on input line 874.
LaTeX Font Info:    Redeclaring math delimiter \arrowvert on input line 878.
LaTeX Font Info:    Redeclaring math delimiter \vert on input line 879.
LaTeX Font Info:    Redeclaring math accent \dot on input line 950.
LaTeX Font Info:    Redeclaring math accent \ddot on input line 951.
LaTeX Font Info:    Redeclaring math accent \vec on input line 2020.
LaTeX Info: Redefining \Bbbk on input line 2810.
LaTeX Info: Redefining \not on input line 2959.
LaTeX Info: Redefining \textsquare on input line 2989.
LaTeX Info: Redefining \openbox on input line 2991.
) (/usr/local/texlive/2022/texmf-dist/tex/latex/libertine/libertine.sty
Package: libertine 2020/03/26 (Bob Tennent) Supports Libertine and Biolinum fonts for all LaTeX engines.
 (/usr/local/texlive/2022/texmf-dist/tex/latex/base/textcomp.sty
Package: textcomp 2020/02/02 v2.0n Standard LaTeX package
) (/usr/local/texlive/2022/texmf-dist/tex/latex/fontspec/fontspec.sty (/usr/local/texlive/2022/texmf-dist/tex/latex/l3packages/xparse/xparse.sty (/usr/local/texlive/2022/texmf-dist/tex/latex/l3kernel/expl3.sty
Package: expl3 2022-02-24 L3 programming layer (loader) 
 (/usr/local/texlive/2022/texmf-dist/tex/latex/l3backend/l3backend-xetex.def
File: l3backend-xetex.def 2022-02-07 L3 backend support: XeTeX
 (|extractbb --version)
\c__kernel_sys_dvipdfmx_version_int=\count298
\l__color_backend_stack_int=\count299
\g__color_backend_stack_int=\count300
\g__graphics_track_int=\count301
\l__pdf_internal_box=\box55
\g__pdf_backend_object_int=\count302
\g__pdf_backend_annotation_int=\count303
\g__pdf_backend_link_int=\count304
))
Package: xparse 2022-01-12 L3 Experimental document command parser
)
Package: fontspec 2022/01/15 v2.8a Font selection for XeLaTeX and LuaLaTeX
 (/usr/local/texlive/2022/texmf-dist/tex/latex/fontspec/fontspec-xetex.sty
Package: fontspec-xetex 2022/01/15 v2.8a Font selection for XeLaTeX and LuaLaTeX
\l__fontspec_script_int=\count305
\l__fontspec_language_int=\count306
\l__fontspec_strnum_int=\count307
\l__fontspec_tmp_int=\count308
\l__fontspec_tmpa_int=\count309
\l__fontspec_tmpb_int=\count310
\l__fontspec_tmpc_int=\count311
\l__fontspec_em_int=\count312
\l__fontspec_emdef_int=\count313
\l__fontspec_strong_int=\count314
\l__fontspec_strongdef_int=\count315
\l__fontspec_tmpa_dim=\dimen180
\l__fontspec_tmpb_dim=\dimen181
\l__fontspec_tmpc_dim=\dimen182
 (/usr/local/texlive/2022/texmf-dist/tex/latex/base/fontenc.sty
Package: fontenc 2021/04/29 v2.0v Standard LaTeX package
) (/usr/local/texlive/2022/texmf-dist/tex/latex/fontspec/fontspec.cfg)))
Requested font "[LinLibertine_R.otf]/OT" at 9.99997pt
 -> /usr/local/texlive/2022/texmf-dist/fonts/opentype/public/libertine/LinLibertine_R.otf
Requested font "[LinLibertine_R.otf]/OT" at 10.00003pt
 -> /usr/local/texlive/2022/texmf-dist/fonts/opentype/public/libertine/LinLibertine_R.otf
Requested font "[LinLibertine_R.otf]/OT:script=latn;language=dflt;" at 10.00003pt
 -> /usr/local/texlive/2022/texmf-dist/fonts/opentype/public/libertine/LinLibertine_R.otf
Requested font "[LinLibertine_RB.otf]/OT:script=latn;language=dflt;" at 10.00003pt
 -> /usr/local/texlive/2022/texmf-dist/fonts/opentype/public/libertine/LinLibertine_RB.otf
Requested font "[LinLibertine_RI.otf]/OT:script=latn;language=dflt;" at 10.00003pt
 -> /usr/local/texlive/2022/texmf-dist/fonts/opentype/public/libertine/LinLibertine_RI.otf
Requested font "[LinLibertine_RBI.otf]/OT:script=latn;language=dflt;" at 10.00003pt
 -> /usr/local/texlive/2022/texmf-dist/fonts/opentype/public/libertine/LinLibertine_RBI.otf

Package fontspec Info: Font family 'LinLibertine(0)' created for font
(fontspec)             'LinLibertine' with options [Ligatures = TeX,Extension
(fontspec)             =
(fontspec)             .otf,SmallCapsFeatures={Letters=SmallCaps},Ligatures=TeX,Numbers
(fontspec)             = {Monospaced,Lining},Scale = 1,UprightFont =
(fontspec)             *_R,ItalicFont = *_RI,BoldFont = *_RB,BoldItalicFont =
(fontspec)             *_RBI].
(fontspec)              
(fontspec)              This font family consists of the following NFSS
(fontspec)             series/shapes:
(fontspec)              
(fontspec)             - 'normal' (m/n) with NFSS spec.:
(fontspec)             <->s*[1]"[LinLibertine_R.otf]/OT:script=latn;language=dflt;+tnum;+lnum;mapping=tex-text;"
(fontspec)             - 'small caps'  (m/sc) with NFSS spec.:
(fontspec)             <->s*[1]"[LinLibertine_R.otf]/OT:script=latn;language=dflt;+tnum;+lnum;+smcp;mapping=tex-text;"
(fontspec)             - 'bold' (b/n) with NFSS spec.:
(fontspec)             <->s*[1]"[LinLibertine_RB.otf]/OT:script=latn;language=dflt;+tnum;+lnum;mapping=tex-text;"
(fontspec)             - 'bold small caps'  (b/sc) with NFSS spec.:
(fontspec)             <->s*[1]"[LinLibertine_RB.otf]/OT:script=latn;language=dflt;+tnum;+lnum;+smcp;mapping=tex-text;"
(fontspec)             - 'italic' (m/it) with NFSS spec.:
(fontspec)             <->s*[1]"[LinLibertine_RI.otf]/OT:script=latn;language=dflt;+tnum;+lnum;mapping=tex-text;"
(fontspec)             - 'italic small caps'  (m/scit) with NFSS spec.:
(fontspec)             <->s*[1]"[LinLibertine_RI.otf]/OT:script=latn;language=dflt;+tnum;+lnum;+smcp;mapping=tex-text;"
(fontspec)             - 'bold italic' (b/it) with NFSS spec.:
(fontspec)             <->s*[1]"[LinLibertine_RBI.otf]/OT:script=latn;language=dflt;+tnum;+lnum;mapping=tex-text;"
(fontspec)             - 'bold italic small caps'  (b/scit) with NFSS spec.:
(fontspec)             <->s*[1]"[LinLibertine_RBI.otf]/OT:script=latn;language=dflt;+tnum;+lnum;+smcp;mapping=tex-text;"

LaTeX Font Info:    Font shape `TU/LinLibertine(0)/m/n' will be
(Font)              scaled to size 10.0pt on input line 308.
Requested font "[LinLibertine_R.otf]/OT:script=latn;language=dflt;+tnum;+lnum;mapping=tex-text;" at 10.0pt
 -> /usr/local/texlive/2022/texmf-dist/fonts/opentype/public/libertine/LinLibertine_R.otf
Requested font "[LinBiolinum_R.otf]/OT" at 9.99997pt
 -> /usr/local/texlive/2022/texmf-dist/fonts/opentype/public/libertine/LinBiolinum_R.otf
Requested font "[LinBiolinum_R.otf]/OT" at 10.00003pt
 -> /usr/local/texlive/2022/texmf-dist/fonts/opentype/public/libertine/LinBiolinum_R.otf
Requested font "[LinBiolinum_R.otf]/OT:script=latn;language=dflt;" at 10.00003pt
 -> /usr/local/texlive/2022/texmf-dist/fonts/opentype/public/libertine/LinBiolinum_R.otf
Requested font "[LinBiolinum_RB.otf]/OT:script=latn;language=dflt;" at 10.00003pt
 -> /usr/local/texlive/2022/texmf-dist/fonts/opentype/public/libertine/LinBiolinum_RB.otf
Requested font "[LinBiolinum_RI.otf]/OT:script=latn;language=dflt;" at 10.00003pt
 -> /usr/local/texlive/2022/texmf-dist/fonts/opentype/public/libertine/LinBiolinum_RI.otf
Requested font "[LinBiolinum_RBO.otf]/OT:script=latn;language=dflt;" at 10.00003pt
 -> /usr/local/texlive/2022/texmf-dist/fonts/opentype/public/libertine/LinBiolinum_RBO.otf

Package fontspec Info: Font family 'LinBiolinum(0)' created for font
(fontspec)             'LinBiolinum' with options [Ligatures = TeX,Extension =
(fontspec)             .otf,SmallCapsFeatures={Letters=SmallCaps},Ligatures=TeX,Numbers
(fontspec)             = {Monospaced, Lining},Scale = 1,UprightFont =
(fontspec)             *_R,ItalicFont = *_RI,BoldFont = *_RB,BoldItalicFont =
(fontspec)             *_RBO].
(fontspec)              
(fontspec)              This font family consists of the following NFSS
(fontspec)             series/shapes:
(fontspec)              
(fontspec)             - 'normal' (m/n) with NFSS spec.:
(fontspec)             <->s*[1]"[LinBiolinum_R.otf]/OT:script=latn;language=dflt;+tnum;+lnum;mapping=tex-text;"
(fontspec)             - 'small caps'  (m/sc) with NFSS spec.:
(fontspec)             <->s*[1]"[LinBiolinum_R.otf]/OT:script=latn;language=dflt;+tnum;+lnum;+smcp;mapping=tex-text;"
(fontspec)             - 'bold' (b/n) with NFSS spec.:
(fontspec)             <->s*[1]"[LinBiolinum_RB.otf]/OT:script=latn;language=dflt;+tnum;+lnum;mapping=tex-text;"
(fontspec)             - 'bold small caps'  (b/sc) with NFSS spec.:
(fontspec)             <->s*[1]"[LinBiolinum_RB.otf]/OT:script=latn;language=dflt;+tnum;+lnum;+smcp;mapping=tex-text;"
(fontspec)             - 'italic' (m/it) with NFSS spec.:
(fontspec)             <->s*[1]"[LinBiolinum_RI.otf]/OT:script=latn;language=dflt;+tnum;+lnum;mapping=tex-text;"
(fontspec)             - 'italic small caps'  (m/scit) with NFSS spec.:
(fontspec)             <->s*[1]"[LinBiolinum_RI.otf]/OT:script=latn;language=dflt;+tnum;+lnum;+smcp;mapping=tex-text;"
(fontspec)             - 'bold italic' (b/it) with NFSS spec.:
(fontspec)             <->s*[1]"[LinBiolinum_RBO.otf]/OT:script=latn;language=dflt;+tnum;+lnum;mapping=tex-text;"
(fontspec)             - 'bold italic small caps'  (b/scit) with NFSS spec.:
(fontspec)             <->s*[1]"[LinBiolinum_RBO.otf]/OT:script=latn;language=dflt;+tnum;+lnum;+smcp;mapping=tex-text;"


Package fontspec Info: Font family 'LinLibertine(1)' created for font
(fontspec)             'LinLibertine' with options [Ligatures = TeX,Extension
(fontspec)             = .otf,SmallCapsFeatures={Letters=SmallCaps},Numbers =
(fontspec)             {Monospaced,Lining},Scale = 1,UprightFont =
(fontspec)             *_R,ItalicFont = *_RI,BoldFont = *_RB,BoldItalicFont =
(fontspec)             *_RBI].
(fontspec)              
(fontspec)              This font family consists of the following NFSS
(fontspec)             series/shapes:
(fontspec)              
(fontspec)             - 'normal' (m/n) with NFSS spec.:
(fontspec)             <->s*[1]"[LinLibertine_R.otf]/OT:script=latn;language=dflt;+tnum;+lnum;mapping=tex-text;"
(fontspec)             - 'small caps'  (m/sc) with NFSS spec.:
(fontspec)             <->s*[1]"[LinLibertine_R.otf]/OT:script=latn;language=dflt;+tnum;+lnum;+smcp;mapping=tex-text;"
(fontspec)             - 'bold' (b/n) with NFSS spec.:
(fontspec)             <->s*[1]"[LinLibertine_RB.otf]/OT:script=latn;language=dflt;+tnum;+lnum;mapping=tex-text;"
(fontspec)             - 'bold small caps'  (b/sc) with NFSS spec.:
(fontspec)             <->s*[1]"[LinLibertine_RB.otf]/OT:script=latn;language=dflt;+tnum;+lnum;+smcp;mapping=tex-text;"
(fontspec)             - 'italic' (m/it) with NFSS spec.:
(fontspec)             <->s*[1]"[LinLibertine_RI.otf]/OT:script=latn;language=dflt;+tnum;+lnum;mapping=tex-text;"
(fontspec)             - 'italic small caps'  (m/scit) with NFSS spec.:
(fontspec)             <->s*[1]"[LinLibertine_RI.otf]/OT:script=latn;language=dflt;+tnum;+lnum;+smcp;mapping=tex-text;"
(fontspec)             - 'bold italic' (b/it) with NFSS spec.:
(fontspec)             <->s*[1]"[LinLibertine_RBI.otf]/OT:script=latn;language=dflt;+tnum;+lnum;mapping=tex-text;"
(fontspec)             - 'bold italic small caps'  (b/scit) with NFSS spec.:
(fontspec)             <->s*[1]"[LinLibertine_RBI.otf]/OT:script=latn;language=dflt;+tnum;+lnum;+smcp;mapping=tex-text;"

Requested font "[LinLibertine_RZ.otf]/OT" at 9.99997pt
 -> /usr/local/texlive/2022/texmf-dist/fonts/opentype/public/libertine/LinLibertine_RZ.otf
Requested font "[LinLibertine_RZ.otf]/OT" at 10.00003pt
 -> /usr/local/texlive/2022/texmf-dist/fonts/opentype/public/libertine/LinLibertine_RZ.otf
Requested font "[LinLibertine_RZ.otf]/OT:script=latn;language=dflt;" at 10.00003pt
 -> /usr/local/texlive/2022/texmf-dist/fonts/opentype/public/libertine/LinLibertine_RZ.otf
Requested font "[LinLibertine_RZI.otf]/OT:script=latn;language=dflt;" at 10.00003pt
 -> /usr/local/texlive/2022/texmf-dist/fonts/opentype/public/libertine/LinLibertine_RZI.otf

Package fontspec Info: Font family 'LinLibertine(2)' created for font
(fontspec)             'LinLibertine' with options [Ligatures = TeX,Extension
(fontspec)             = .otf,SmallCapsFeatures={Letters=SmallCaps},Numbers =
(fontspec)             { Monospaced, Lining},Scale = 1,UprightFont =
(fontspec)             *_RZ,ItalicFont = *_RZI,BoldFont = *_RB,BoldItalicFont
(fontspec)             = *_RBI].
(fontspec)              
(fontspec)              This font family consists of the following NFSS
(fontspec)             series/shapes:
(fontspec)              
(fontspec)             - 'normal' (m/n) with NFSS spec.:
(fontspec)             <->s*[1]"[LinLibertine_RZ.otf]/OT:script=latn;language=dflt;+tnum;+lnum;mapping=tex-text;"
(fontspec)             - 'small caps'  (m/sc) with NFSS spec.:
(fontspec)             <->s*[1]"[LinLibertine_RZ.otf]/OT:script=latn;language=dflt;+tnum;+lnum;+smcp;mapping=tex-text;"
(fontspec)             - 'bold' (b/n) with NFSS spec.:
(fontspec)             <->s*[1]"[LinLibertine_RB.otf]/OT:script=latn;language=dflt;+tnum;+lnum;mapping=tex-text;"
(fontspec)             - 'bold small caps'  (b/sc) with NFSS spec.:
(fontspec)             <->s*[1]"[LinLibertine_RB.otf]/OT:script=latn;language=dflt;+tnum;+lnum;+smcp;mapping=tex-text;"
(fontspec)             - 'italic' (m/it) with NFSS spec.:
(fontspec)             <->s*[1]"[LinLibertine_RZI.otf]/OT:script=latn;language=dflt;+tnum;+lnum;mapping=tex-text;"
(fontspec)             - 'italic small caps'  (m/scit) with NFSS spec.:
(fontspec)             <->s*[1]"[LinLibertine_RZI.otf]/OT:script=latn;language=dflt;+tnum;+lnum;+smcp;mapping=tex-text;"
(fontspec)             - 'bold italic' (b/it) with NFSS spec.:
(fontspec)             <->s*[1]"[LinLibertine_RBI.otf]/OT:script=latn;language=dflt;+tnum;+lnum;mapping=tex-text;"
(fontspec)             - 'bold italic small caps'  (b/scit) with NFSS spec.:
(fontspec)             <->s*[1]"[LinLibertine_RBI.otf]/OT:script=latn;language=dflt;+tnum;+lnum;+smcp;mapping=tex-text;"


Package fontspec Info: Font family 'LinLibertine(3)' created for font
(fontspec)             'LinLibertine' with options [Ligatures = TeX,Extension
(fontspec)             = .otf,SmallCapsFeatures={Letters=SmallCaps},Numbers =
(fontspec)             {Monospaced,OldStyle},Scale = 1,UprightFont =
(fontspec)             *_R,ItalicFont = *_RI,BoldFont = *_RB,BoldItalicFont =
(fontspec)             *_RBI].
(fontspec)              
(fontspec)              This font family consists of the following NFSS
(fontspec)             series/shapes:
(fontspec)              
(fontspec)             - 'normal' (m/n) with NFSS spec.:
(fontspec)             <->s*[1]"[LinLibertine_R.otf]/OT:script=latn;language=dflt;+tnum;+onum;mapping=tex-text;"
(fontspec)             - 'small caps'  (m/sc) with NFSS spec.:
(fontspec)             <->s*[1]"[LinLibertine_R.otf]/OT:script=latn;language=dflt;+tnum;+onum;+smcp;mapping=tex-text;"
(fontspec)             - 'bold' (b/n) with NFSS spec.:
(fontspec)             <->s*[1]"[LinLibertine_RB.otf]/OT:script=latn;language=dflt;+tnum;+onum;mapping=tex-text;"
(fontspec)             - 'bold small caps'  (b/sc) with NFSS spec.:
(fontspec)             <->s*[1]"[LinLibertine_RB.otf]/OT:script=latn;language=dflt;+tnum;+onum;+smcp;mapping=tex-text;"
(fontspec)             - 'italic' (m/it) with NFSS spec.:
(fontspec)             <->s*[1]"[LinLibertine_RI.otf]/OT:script=latn;language=dflt;+tnum;+onum;mapping=tex-text;"
(fontspec)             - 'italic small caps'  (m/scit) with NFSS spec.:
(fontspec)             <->s*[1]"[LinLibertine_RI.otf]/OT:script=latn;language=dflt;+tnum;+onum;+smcp;mapping=tex-text;"
(fontspec)             - 'bold italic' (b/it) with NFSS spec.:
(fontspec)             <->s*[1]"[LinLibertine_RBI.otf]/OT:script=latn;language=dflt;+tnum;+onum;mapping=tex-text;"
(fontspec)             - 'bold italic small caps'  (b/scit) with NFSS spec.:
(fontspec)             <->s*[1]"[LinLibertine_RBI.otf]/OT:script=latn;language=dflt;+tnum;+onum;+smcp;mapping=tex-text;"

Requested font "[LinLibertine_DR.otf]/OT" at 9.99997pt
 -> /usr/local/texlive/2022/texmf-dist/fonts/opentype/public/libertine/LinLibertine_DR.otf
Requested font "[LinLibertine_DR.otf]/OT" at 10.00003pt
 -> /usr/local/texlive/2022/texmf-dist/fonts/opentype/public/libertine/LinLibertine_DR.otf
Requested font "[LinLibertine_DR.otf]/OT:script=latn;language=dflt;" at 10.00003pt
 -> /usr/local/texlive/2022/texmf-dist/fonts/opentype/public/libertine/LinLibertine_DR.otf

Package fontspec Info: Font family 'LinLibertine(4)' created for font
(fontspec)             'LinLibertine' with options [Ligatures = TeX,Extension
(fontspec)             = .otf,SmallCapsFeatures={Letters=SmallCaps},Numbers =
(fontspec)             {Monospaced,Lining},UprightFont = *_DR,ItalicFont =
(fontspec)             *_RI,BoldFont = *_RB,BoldItalicFont = *_RBI].
(fontspec)              
(fontspec)              This font family consists of the following NFSS
(fontspec)             series/shapes:
(fontspec)              
(fontspec)             - 'normal' (m/n) with NFSS spec.:
(fontspec)             <->"[LinLibertine_DR.otf]/OT:script=latn;language=dflt;+tnum;+lnum;mapping=tex-text;"
(fontspec)             - 'small caps'  (m/sc) with NFSS spec.: 
(fontspec)             - 'bold' (b/n) with NFSS spec.:
(fontspec)             <->"[LinLibertine_RB.otf]/OT:script=latn;language=dflt;+tnum;+lnum;mapping=tex-text;"
(fontspec)             - 'bold small caps'  (b/sc) with NFSS spec.:
(fontspec)             <->"[LinLibertine_RB.otf]/OT:script=latn;language=dflt;+tnum;+lnum;+smcp;mapping=tex-text;"
(fontspec)             - 'italic' (m/it) with NFSS spec.:
(fontspec)             <->"[LinLibertine_RI.otf]/OT:script=latn;language=dflt;+tnum;+lnum;mapping=tex-text;"
(fontspec)             - 'italic small caps'  (m/scit) with NFSS spec.:
(fontspec)             <->"[LinLibertine_RI.otf]/OT:script=latn;language=dflt;+tnum;+lnum;+smcp;mapping=tex-text;"
(fontspec)             - 'bold italic' (b/it) with NFSS spec.:
(fontspec)             <->"[LinLibertine_RBI.otf]/OT:script=latn;language=dflt;+tnum;+lnum;mapping=tex-text;"
(fontspec)             - 'bold italic small caps'  (b/scit) with NFSS spec.:
(fontspec)             <->"[LinLibertine_RBI.otf]/OT:script=latn;language=dflt;+tnum;+lnum;+smcp;mapping=tex-text;"


Package fontspec Info: Font family 'LinBiolinum(1)' created for font
(fontspec)             'LinBiolinum' with options [Ligatures = TeX,Extension =
(fontspec)             .otf,SmallCapsFeatures={Letters=SmallCaps},Numbers =
(fontspec)             {Monospaced, Lining},Scale = 1,UprightFont =
(fontspec)             *_R,ItalicFont = *_RI,BoldFont = *_RB,BoldItalicFont =
(fontspec)             *_RBO].
(fontspec)              
(fontspec)              This font family consists of the following NFSS
(fontspec)             series/shapes:
(fontspec)              
(fontspec)             - 'normal' (m/n) with NFSS spec.:
(fontspec)             <->s*[1]"[LinBiolinum_R.otf]/OT:script=latn;language=dflt;+tnum;+lnum;mapping=tex-text;"
(fontspec)             - 'small caps'  (m/sc) with NFSS spec.:
(fontspec)             <->s*[1]"[LinBiolinum_R.otf]/OT:script=latn;language=dflt;+tnum;+lnum;+smcp;mapping=tex-text;"
(fontspec)             - 'bold' (b/n) with NFSS spec.:
(fontspec)             <->s*[1]"[LinBiolinum_RB.otf]/OT:script=latn;language=dflt;+tnum;+lnum;mapping=tex-text;"
(fontspec)             - 'bold small caps'  (b/sc) with NFSS spec.:
(fontspec)             <->s*[1]"[LinBiolinum_RB.otf]/OT:script=latn;language=dflt;+tnum;+lnum;+smcp;mapping=tex-text;"
(fontspec)             - 'italic' (m/it) with NFSS spec.:
(fontspec)             <->s*[1]"[LinBiolinum_RI.otf]/OT:script=latn;language=dflt;+tnum;+lnum;mapping=tex-text;"
(fontspec)             - 'italic small caps'  (m/scit) with NFSS spec.:
(fontspec)             <->s*[1]"[LinBiolinum_RI.otf]/OT:script=latn;language=dflt;+tnum;+lnum;+smcp;mapping=tex-text;"
(fontspec)             - 'bold italic' (b/it) with NFSS spec.:
(fontspec)             <->s*[1]"[LinBiolinum_RBO.otf]/OT:script=latn;language=dflt;+tnum;+lnum;mapping=tex-text;"
(fontspec)             - 'bold italic small caps'  (b/scit) with NFSS spec.:
(fontspec)             <->s*[1]"[LinBiolinum_RBO.otf]/OT:script=latn;language=dflt;+tnum;+lnum;+smcp;mapping=tex-text;"


Package fontspec Info: Font family 'LinBiolinum(2)' created for font
(fontspec)             'LinBiolinum' with options [Ligatures = TeX,Extension =
(fontspec)             .otf,SmallCapsFeatures={Letters=SmallCaps},Numbers =
(fontspec)             {Monospaced, OldStyle},Scale = 1,UprightFont =
(fontspec)             *_R,ItalicFont = *_RI,BoldFont = *_RB,BoldItalicFont =
(fontspec)             *_RBO].
(fontspec)              
(fontspec)              This font family consists of the following NFSS
(fontspec)             series/shapes:
(fontspec)              
(fontspec)             - 'normal' (m/n) with NFSS spec.:
(fontspec)             <->s*[1]"[LinBiolinum_R.otf]/OT:script=latn;language=dflt;+tnum;+onum;mapping=tex-text;"
(fontspec)             - 'small caps'  (m/sc) with NFSS spec.:
(fontspec)             <->s*[1]"[LinBiolinum_R.otf]/OT:script=latn;language=dflt;+tnum;+onum;+smcp;mapping=tex-text;"
(fontspec)             - 'bold' (b/n) with NFSS spec.:
(fontspec)             <->s*[1]"[LinBiolinum_RB.otf]/OT:script=latn;language=dflt;+tnum;+onum;mapping=tex-text;"
(fontspec)             - 'bold small caps'  (b/sc) with NFSS spec.:
(fontspec)             <->s*[1]"[LinBiolinum_RB.otf]/OT:script=latn;language=dflt;+tnum;+onum;+smcp;mapping=tex-text;"
(fontspec)             - 'italic' (m/it) with NFSS spec.:
(fontspec)             <->s*[1]"[LinBiolinum_RI.otf]/OT:script=latn;language=dflt;+tnum;+onum;mapping=tex-text;"
(fontspec)             - 'italic small caps'  (m/scit) with NFSS spec.:
(fontspec)             <->s*[1]"[LinBiolinum_RI.otf]/OT:script=latn;language=dflt;+tnum;+onum;+smcp;mapping=tex-text;"
(fontspec)             - 'bold italic' (b/it) with NFSS spec.:
(fontspec)             <->s*[1]"[LinBiolinum_RBO.otf]/OT:script=latn;language=dflt;+tnum;+onum;mapping=tex-text;"
(fontspec)             - 'bold italic small caps'  (b/scit) with NFSS spec.:
(fontspec)             <->s*[1]"[LinBiolinum_RBO.otf]/OT:script=latn;language=dflt;+tnum;+onum;+smcp;mapping=tex-text;"

Requested font "[LinLibertine_M.otf]/OT" at 9.99997pt
 -> /usr/local/texlive/2022/texmf-dist/fonts/opentype/public/libertine/LinLibertine_M.otf
Requested font "[LinLibertine_M.otf]/OT" at 10.00003pt
 -> /usr/local/texlive/2022/texmf-dist/fonts/opentype/public/libertine/LinLibertine_M.otf
Requested font "[LinLibertine_M.otf]/OT:script=latn;language=dflt;" at 10.00003pt
 -> /usr/local/texlive/2022/texmf-dist/fonts/opentype/public/libertine/LinLibertine_M.otf
Requested font "[LinLibertine_MB.otf]/OT:script=latn;language=dflt;" at 10.00003pt
 -> /usr/local/texlive/2022/texmf-dist/fonts/opentype/public/libertine/LinLibertine_MB.otf
Requested font "[LinLibertine_MO.otf]/OT:script=latn;language=dflt;" at 10.00003pt
 -> /usr/local/texlive/2022/texmf-dist/fonts/opentype/public/libertine/LinLibertine_MO.otf
Requested font "[LinLibertine_MBO.otf]/OT:script=latn;language=dflt;" at 10.00003pt
 -> /usr/local/texlive/2022/texmf-dist/fonts/opentype/public/libertine/LinLibertine_MBO.otf

Package fontspec Info: Font family 'LinLibertine(5)' created for font
(fontspec)             'LinLibertine' with options [Extension =
(fontspec)             .otf,HyphenChar=None,Scale = 1,UprightFont =
(fontspec)             *_M,ItalicFont = *_MO,BoldFont = *_MB,BoldItalicFont =
(fontspec)             *_MBO].
(fontspec)              
(fontspec)              This font family consists of the following NFSS
(fontspec)             series/shapes:
(fontspec)              
(fontspec)             - 'normal' (m/n) with NFSS spec.:
(fontspec)             <->s*[1]"[LinLibertine_M.otf]/OT:script=latn;language=dflt;"
(fontspec)             - 'small caps'  (m/sc) with NFSS spec.: 
(fontspec)             and font adjustment code:
(fontspec)             \tex_hyphenchar:D \font =-1\scan_stop: 
(fontspec)             - 'bold' (b/n) with NFSS spec.:
(fontspec)             <->s*[1]"[LinLibertine_MB.otf]/OT:script=latn;language=dflt;"
(fontspec)             - 'bold small caps'  (b/sc) with NFSS spec.: 
(fontspec)             and font adjustment code:
(fontspec)             \tex_hyphenchar:D \font =-1\scan_stop: 
(fontspec)             - 'italic' (m/it) with NFSS spec.:
(fontspec)             <->s*[1]"[LinLibertine_MO.otf]/OT:script=latn;language=dflt;"
(fontspec)             - 'italic small caps'  (m/scit) with NFSS spec.: 
(fontspec)             and font adjustment code:
(fontspec)             \tex_hyphenchar:D \font =-1\scan_stop: 
(fontspec)             - 'bold italic' (b/it) with NFSS spec.:
(fontspec)             <->s*[1]"[LinLibertine_MBO.otf]/OT:script=latn;language=dflt;"
(fontspec)             - 'bold italic small caps'  (b/scit) with NFSS spec.: 
(fontspec)             and font adjustment code:
(fontspec)             \tex_hyphenchar:D \font =-1\scan_stop: 

Requested font "[LinBiolinum_K.otf]/OT" at 9.99997pt
 -> /usr/local/texlive/2022/texmf-dist/fonts/opentype/public/libertine/LinBiolinum_K.otf
Requested font "[LinBiolinum_K.otf]/OT" at 10.00003pt
 -> /usr/local/texlive/2022/texmf-dist/fonts/opentype/public/libertine/LinBiolinum_K.otf
Requested font "[LinBiolinum_K.otf]/OT:script=latn;language=dflt;" at 10.00003pt
 -> /usr/local/texlive/2022/texmf-dist/fonts/opentype/public/libertine/LinBiolinum_K.otf

Package fontspec Info: Font family 'LinBiolinum_K(0)' created for font
(fontspec)             'LinBiolinum_K' with options [Extension =
(fontspec)             .otf,HyphenChar=None,BoldFont={},ItalicFont={},SmallCapsFont={}].
(fontspec)              
(fontspec)              This font family consists of the following NFSS
(fontspec)             series/shapes:
(fontspec)              
(fontspec)             - 'normal' (m/n) with NFSS spec.:
(fontspec)             <->"[LinBiolinum_K.otf]/OT:script=latn;language=dflt;"
(fontspec)             - 'small caps'  (m/sc) with NFSS spec.: 
(fontspec)             and font adjustment code:
(fontspec)             \tex_hyphenchar:D \font =-1\scan_stop: 

Requested font "[LinLibertine_I.otf]/OT" at 9.99997pt
 -> /usr/local/texlive/2022/texmf-dist/fonts/opentype/public/libertine/LinLibertine_I.otf
Requested font "[LinLibertine_I.otf]/OT" at 10.00003pt
 -> /usr/local/texlive/2022/texmf-dist/fonts/opentype/public/libertine/LinLibertine_I.otf
Requested font "[LinLibertine_I.otf]/OT:script=latn;language=dflt;" at 10.00003pt
 -> /usr/local/texlive/2022/texmf-dist/fonts/opentype/public/libertine/LinLibertine_I.otf

Package fontspec Info: Font family 'LinLibertine_I(0)' created for font
(fontspec)             'LinLibertine_I' with options [Extension =
(fontspec)             .otf,HyphenChar=None,BoldFont={},ItalicFont={},SmallCapsFont={}].
(fontspec)              
(fontspec)              This font family consists of the following NFSS
(fontspec)             series/shapes:
(fontspec)              
(fontspec)             - 'normal' (m/n) with NFSS spec.:
(fontspec)             <->"[LinLibertine_I.otf]/OT:script=latn;language=dflt;"
(fontspec)             - 'small caps'  (m/sc) with NFSS spec.: 
(fontspec)             and font adjustment code:
(fontspec)             \tex_hyphenchar:D \font =-1\scan_stop: 

LaTeX Info: Redefining \oldstylenums on input line 474.
LaTeX Info: Redefining \liningnums on input line 475.
 (/usr/local/texlive/2022/texmf-dist/tex/latex/libertine/LinLibertine_R.tex) (/usr/local/texlive/2022/texmf-dist/tex/latex/libertine/LinBiolinum_R.tex) (/usr/local/texlive/2022/texmf-dist/tex/latex/libertine/LinBiolinum_K.tex) (/usr/local/texlive/2022/texmf-dist/tex/latex/libertine/LinLibertine_I.tex) (/usr/local/texlive/2022/texmf-dist/tex/latex/libertine/LKey.tex)) (/usr/local/texlive/2022/texmf-dist/tex/latex/inconsolata/inconsolata.fontspec)
Requested font "[Inconsolatazi4-Regular.otf]/OT" at 9.99997pt
 -> /usr/local/texlive/2022/texmf-dist/fonts/opentype/public/inconsolata/Inconsolatazi4-Regular.otf
Requested font "[Inconsolatazi4-Regular.otf]/OT" at 10.00003pt
 -> /usr/local/texlive/2022/texmf-dist/fonts/opentype/public/inconsolata/Inconsolatazi4-Regular.otf
Requested font "[Inconsolatazi4-Regular.otf]/OT:script=latn;language=dflt;" at 10.00003pt
 -> /usr/local/texlive/2022/texmf-dist/fonts/opentype/public/inconsolata/Inconsolatazi4-Regular.otf
Requested font "[Inconsolatazi4-Bold.otf]/OT:script=latn;language=dflt;" at 10.00003pt
 -> /usr/local/texlive/2022/texmf-dist/fonts/opentype/public/inconsolata/Inconsolatazi4-Bold.otf

Package fontspec Info: Font family 'inconsolata(0)' created for font
(fontspec)             'inconsolata' with options
(fontspec)             [WordSpace={1,0,0},HyphenChar=None,PunctuationSpace=WordSpace,Extension
(fontspec)             = .otf,UprightFont = Inconsolatazi4-Regular,BoldFont =
(fontspec)             Inconsolatazi4-Bold,StylisticSet=3].
(fontspec)              
(fontspec)              This font family consists of the following NFSS
(fontspec)             series/shapes:
(fontspec)              
(fontspec)             - 'normal' (m/n) with NFSS spec.:
(fontspec)             <->"[Inconsolatazi4-Regular.otf]/OT:script=latn;language=dflt;+ss03;"
(fontspec)             - 'small caps'  (m/sc) with NFSS spec.: 
(fontspec)             and font adjustment code:
(fontspec)             \fontdimen 2\font =1\fontdimen 2\font \fontdimen 3\font
(fontspec)             =0\fontdimen 3\font \fontdimen 4\font =0\fontdimen
(fontspec)             4\font \fontdimen 7\font =0\fontdimen 2\font
(fontspec)             \tex_hyphenchar:D \font =-1\scan_stop: 
(fontspec)             - 'bold' (b/n) with NFSS spec.:
(fontspec)             <->"[Inconsolatazi4-Bold.otf]/OT:script=latn;language=dflt;+ss03;"
(fontspec)             - 'bold small caps'  (b/sc) with NFSS spec.: 
(fontspec)             and font adjustment code:
(fontspec)             \fontdimen 2\font =1\fontdimen 2\font \fontdimen 3\font
(fontspec)             =0\fontdimen 3\font \fontdimen 4\font =0\fontdimen
(fontspec)             4\font \fontdimen 7\font =0\fontdimen 2\font
(fontspec)             \tex_hyphenchar:D \font =-1\scan_stop: 

 (/usr/local/texlive/2022/texmf-dist/tex/latex/caption/caption.sty
Package: caption 2022/03/01 v3.6b Customizing captions (AR)
 (/usr/local/texlive/2022/texmf-dist/tex/latex/caption/caption3.sty
Package: caption3 2022/03/17 v2.3b caption3 kernel (AR)
\caption@tempdima=\dimen183
\captionmargin=\dimen184
\caption@leftmargin=\dimen185
\caption@rightmargin=\dimen186
\caption@width=\dimen187
\caption@indent=\dimen188
\caption@parindent=\dimen189
\caption@hangindent=\dimen190
Package caption Info: AMS or SMF document class detected.
 (/usr/local/texlive/2022/texmf-dist/tex/latex/caption/caption-ams-smf.sto
File: caption-ams-smf.sto 2020/08/22 v2.0 Adaption of the caption package to the AMS and SMF document classes (AR)
))
\c@caption@flags=\count316
\c@continuedfloat=\count317
Package caption Info: hyperref package is loaded.
) (/usr/local/texlive/2022/texmf-dist/tex/latex/float/float.sty
Package: float 2001/11/08 v1.3d Float enhancements (AL)
\c@float@type=\count318
\float@exts=\toks35
\float@box=\box56
\@float@everytoks=\toks36
\@floatcapt=\box57
)
\@float@every@sidebar=\toks37
\c@sidebar=\count319
\fulltextwidth=\dimen191
\@ACM@labelwidth=\dimen192
\listisep=\skip58
\num@authorgroups=\count320
\num@authors=\count321
\@ACM@badge@width=\skip59
\@ACM@title@width=\skip60
\@ACM@badge@skip=\skip61
Class acmart Info: Printing CCS on input line 1729.
Class acmart Info: Printing bibformat on input line 1729.
Class acmart Info: Printing folios on input line 1734.
Class acmart Info: Setting authorsperrow to 0 on input line 1739.
 (/usr/local/texlive/2022/texmf-dist/tex/latex/comment/comment.sty
\CommentStream=\write3
 Excluding comment 'comment') Excluding comment 'CCSXML'
\c@@concepts=\count322
\mktitle@bx=\box58
\@ACM@acmcpbox=\box59
\@ACM@commabox=\box60
\author@bx=\box61
\author@bx@wd=\dimen193
\author@bx@sep=\skip62
 (/usr/local/texlive/2022/texmf-dist/tex/latex/fancyhdr/fancyhdr.sty
Package: fancyhdr 2021/01/28 v4.0.1 Extensive control of page headers and footers
\f@nch@headwidth=\skip63
\f@nch@O@elh=\skip64
\f@nch@O@erh=\skip65
\f@nch@O@olh=\skip66
\f@nch@O@orh=\skip67
\f@nch@O@elf=\skip68
\f@nch@O@erf=\skip69
\f@nch@O@olf=\skip70
\f@nch@O@orf=\skip71
)
\@folio@wd=\dimen194
\@folio@ht=\dimen195
\@folio@voffset=\dimen196
 Special comment 'acks')
Class acmart Info: Using journal code jacm on input line 59.
 (/usr/local/texlive/2022/texmf-dist/tex/latex/biblatex/biblatex.sty
Package: biblatex 2022/02/02 v3.17 programmable bibliographies (PK/MW)
 (/usr/local/texlive/2022/texmf-dist/tex/latex/logreq/logreq.sty
Package: logreq 2010/08/04 v1.0 xml request logger
\lrq@indent=\count323
 (/usr/local/texlive/2022/texmf-dist/tex/latex/logreq/logreq.def
File: logreq.def 2010/08/04 v1.0 logreq spec v1.0
))
\c@tabx@nest=\count324
\c@listtotal=\count325
\c@listcount=\count326
\c@liststart=\count327
\c@liststop=\count328
\c@citecount=\count329
\c@citetotal=\count330
\c@multicitecount=\count331
\c@multicitetotal=\count332
\c@instcount=\count333
\c@maxnames=\count334
\c@minnames=\count335
\c@maxitems=\count336
\c@minitems=\count337
\c@citecounter=\count338
\c@maxcitecounter=\count339
\c@savedcitecounter=\count340
\c@uniquelist=\count341
\c@uniquename=\count342
\c@refsection=\count343
\c@refsegment=\count344
\c@maxextratitle=\count345
\c@maxextratitleyear=\count346
\c@maxextraname=\count347
\c@maxextradate=\count348
\c@maxextraalpha=\count349
\c@abbrvpenalty=\count350
\c@highnamepenalty=\count351
\c@lownamepenalty=\count352
\c@maxparens=\count353
\c@parenlevel=\count354
\blx@tempcnta=\count355
\blx@tempcntb=\count356
\blx@tempcntc=\count357
\c@blx@maxsection=\count358
\c@blx@maxsegment@0=\count359
\blx@notetype=\count360
\blx@parenlevel@text=\count361
\blx@parenlevel@foot=\count362
\c@blx@sectionciteorder@0=\count363
\blx@entrysetcounter=\count364
\blx@biblioinstance=\count365
\labelnumberwidth=\skip72
\labelalphawidth=\skip73
\biblabelsep=\skip74
\bibitemsep=\skip75
\bibnamesep=\skip76
\bibinitsep=\skip77
\bibparsep=\skip78
\bibhang=\skip79
\blx@bcfin=\read3
\blx@bcfout=\write4
\blx@langwohyphens=\language87
\c@mincomprange=\count366
\c@maxcomprange=\count367
\c@mincompwidth=\count368
Package biblatex Info: Trying to load biblatex default data model...
Package biblatex Info: ... file 'blx-dm.def' found.
 (/usr/local/texlive/2022/texmf-dist/tex/latex/biblatex/blx-dm.def
File: blx-dm.def 2022/02/02 v3.17 biblatex localization (PK/MW)
)
Package biblatex Info: Trying to load biblatex style data model...
Package biblatex Info: ... file 'acmdatamodel.dbx' found.
 (./acmdatamodel.dbx
Package biblatex Info: Trying to load biblatex data model extension for software...
Package biblatex Info: ... file 'software.dbx' found.
 (/usr/local/texlive/2022/texmf-dist/tex/latex/biblatex-software/software.dbx
File: software.dbx 2020/04/02 datamodel extension for software entries, Roberto Di Cosmo
))
Package biblatex Info: Trying to load biblatex custom data model...
Package biblatex Info: ... file 'biblatex-dm.cfg' not found.
\c@afterword=\count369
\c@savedafterword=\count370
\c@annotator=\count371
\c@savedannotator=\count372
\c@author=\count373
\c@savedauthor=\count374
\c@bookauthor=\count375
\c@savedbookauthor=\count376
\c@commentator=\count377
\c@savedcommentator=\count378
\c@editor=\count379
\c@savededitor=\count380
\c@editora=\count381
\c@savededitora=\count382
\c@editorb=\count383
\c@savededitorb=\count384
\c@editorc=\count385
\c@savededitorc=\count386
\c@foreword=\count387
\c@savedforeword=\count388
\c@holder=\count389
\c@savedholder=\count390
\c@introduction=\count391
\c@savedintroduction=\count392
\c@namea=\count393
\c@savednamea=\count394
\c@nameb=\count395
\c@savednameb=\count396
\c@namec=\count397
\c@savednamec=\count398
\c@translator=\count399
\c@savedtranslator=\count400
\c@shortauthor=\count401
\c@savedshortauthor=\count402
\c@shorteditor=\count403
\c@savedshorteditor=\count404
\c@labelname=\count405
\c@savedlabelname=\count406
\c@institution=\count407
\c@savedinstitution=\count408
\c@lista=\count409
\c@savedlista=\count410
\c@listb=\count411
\c@savedlistb=\count412
\c@listc=\count413
\c@savedlistc=\count414
\c@listd=\count415
\c@savedlistd=\count416
\c@liste=\count417
\c@savedliste=\count418
\c@listf=\count419
\c@savedlistf=\count420
\c@location=\count421
\c@savedlocation=\count422
\c@organization=\count423
\c@savedorganization=\count424
\c@origlocation=\count425
\c@savedoriglocation=\count426
\c@origpublisher=\count427
\c@savedorigpublisher=\count428
\c@publisher=\count429
\c@savedpublisher=\count430
\c@language=\count431
\c@savedlanguage=\count432
\c@origlanguage=\count433
\c@savedoriglanguage=\count434
\c@urls=\count435
\c@savedurls=\count436
\c@school=\count437
\c@savedschool=\count438
\c@license=\count439
\c@savedlicense=\count440
\c@pageref=\count441
\c@savedpageref=\count442
\shorthandwidth=\skip80
\shortjournalwidth=\skip81
\shortserieswidth=\skip82
\shorttitlewidth=\skip83
\shortauthorwidth=\skip84
\shorteditorwidth=\skip85
\locallabelnumberwidth=\skip86
\locallabelalphawidth=\skip87
\localshorthandwidth=\skip88
\localshortjournalwidth=\skip89
\localshortserieswidth=\skip90
\localshorttitlewidth=\skip91
\localshortauthorwidth=\skip92
\localshorteditorwidth=\skip93
Package biblatex Info: Trying to load enhanced support for Unicode engines...
Package biblatex Info: ... file 'blx-unicode.def' found.
 (/usr/local/texlive/2022/texmf-dist/tex/latex/biblatex/blx-unicode.def)
Package biblatex Info: Trying to load compatibility code...
Package biblatex Info: ... file 'blx-compat.def' found.
 (/usr/local/texlive/2022/texmf-dist/tex/latex/biblatex/blx-compat.def
File: blx-compat.def 2022/02/02 v3.17 biblatex compatibility (PK/MW)
)
Package biblatex Info: Trying to load generic definitions...
Package biblatex Info: ... file 'biblatex.def' found.
 (/usr/local/texlive/2022/texmf-dist/tex/latex/biblatex/biblatex.def
File: biblatex.def 2022/02/02 v3.17 biblatex compatibility (PK/MW)
\c@textcitecount=\count443
\c@textcitetotal=\count444
\c@textcitemaxnames=\count445
\c@biburlbigbreakpenalty=\count446
\c@biburlbreakpenalty=\count447
\c@biburlnumpenalty=\count448
\c@biburlucpenalty=\count449
\c@biburllcpenalty=\count450
\biburlbigskip=\muskip18
\biburlnumskip=\muskip19
\biburlucskip=\muskip20
\biburllcskip=\muskip21
\c@smartand=\count451
)
Package biblatex Info: Trying to load bibliography style 'acmauthoryear'...
Package biblatex Info: ... file 'acmauthoryear.bbx' found.
 (./acmauthoryear.bbx
File: acmauthoryear.bbx 2022-02-14 v0.1 biblatex bibliography style
Package biblatex Info: Trying to load bibliography style 'authoryear-comp'...
Package biblatex Info: ... file 'authoryear-comp.bbx' found.
 (/usr/local/texlive/2022/texmf-dist/tex/latex/biblatex/bbx/authoryear-comp.bbx
File: authoryear-comp.bbx 2022/02/02 v3.17 biblatex bibliography style (PK/MW)
Package biblatex Info: Trying to load bibliography style 'authoryear'...
Package biblatex Info: ... file 'authoryear.bbx' found.
 (/usr/local/texlive/2022/texmf-dist/tex/latex/biblatex/bbx/authoryear.bbx
File: authoryear.bbx 2022/02/02 v3.17 biblatex bibliography style (PK/MW)
Package biblatex Info: Trying to load bibliography style 'standard'...
Package biblatex Info: ... file 'standard.bbx' found.
 (/usr/local/texlive/2022/texmf-dist/tex/latex/biblatex/bbx/standard.bbx
File: standard.bbx 2022/02/02 v3.17 biblatex bibliography style (PK/MW)
\c@bbx:relatedcount=\count452
\c@bbx:relatedtotal=\count453
)))
Package biblatex Info: Trying to load biblatex style for software...
Package biblatex Info: ... file 'software.bbx' found.
 (/usr/local/texlive/2022/texmf-dist/tex/latex/biblatex-software/software.bbx
File: software.bbx 2020/04/02 bibliography driver extension for software entries, Roberto Di Cosmo
 (/usr/local/texlive/2022/texmf-dist/tex/latex/xurl/xurl.sty
Package: xurl 2022/01/09 v 0.10 modify URL breaks

xurl: Set penalties for biblatex
)) (/usr/local/texlive/2022/texmf-dist/tex/latex/xpatch/xpatch.sty
Package: xpatch 2020/03/25 v0.3a Extending etoolbox patching commands
))
Package biblatex Info: Trying to load citation style 'acmauthoryear'...
Package biblatex Info: ... file 'acmauthoryear.cbx' found.
 (./acmauthoryear.cbx
File: acmauthoryear.cbx 2022-02-14 v0.1
Package biblatex Info: Trying to load citation style 'authoryear-comp'...
Package biblatex Info: ... file 'authoryear-comp.cbx' found.
 (/usr/local/texlive/2022/texmf-dist/tex/latex/biblatex/cbx/authoryear-comp.cbx
File: authoryear-comp.cbx 2022/02/02 v3.17 biblatex citation style (PK/MW)
Package biblatex Info: Redefining '\cite'.
Package biblatex Info: Redefining '\parencite'.
Package biblatex Info: Redefining '\footcite'.
Package biblatex Info: Redefining '\footcitetext'.
Package biblatex Info: Redefining '\smartcite'.
Package biblatex Info: Redefining '\textcite'.
Package biblatex Info: Redefining '\textcites'.
Package biblatex Info: Redefining '\cites'.
Package biblatex Info: Redefining '\parencites'.
Package biblatex Info: Redefining '\footcites'.
Package biblatex Info: Redefining '\footcitetexts'.
Package biblatex Info: Redefining '\smartcites'.
)
Package biblatex Info: Redefining '\cite'.
Package biblatex Info: Redefining '\parencite'.
Package biblatex Info: Redefining '\parencites'.
Package biblatex Info: Redefining '\footcite'.
Package biblatex Info: Redefining '\footcitetext'.
Package biblatex Info: Redefining '\smartcite'.
Package biblatex Info: Redefining '\smartcites'.
Package biblatex Info: Redefining '\citeauthor'.
Package biblatex Info: Redefining '\citeyear'.
)
Package biblatex Info: Trying to load configuration file...
Package biblatex Info: ... file 'biblatex.cfg' found.
 (/usr/local/texlive/2022/texmf-dist/tex/latex/biblatex/biblatex.cfg
File: biblatex.cfg 
)
Package biblatex Info: XeTeX detected.
(biblatex)             Assuming input encoding 'utf8'.
Package biblatex Info: Document encoding is UTF8 ....
Package biblatex Info: ... and expl3
(biblatex)             2022-02-24 L3 programming layer (loader) 
(biblatex)             is new enough (at least 2020/04/06),
(biblatex)             setting 'casechanger=expl3'.
 (/usr/local/texlive/2022/texmf-dist/tex/latex/biblatex/blx-case-expl3.sty
Package: blx-case-expl3 2022/02/02 v3.17 expl3 case changing code for biblatex
))
Package hyperref Info: Option `pdfdisplaydoctitle' set `true' on input line 108.
\c@theorem=\count454
 Excluding comment 'screenonly' Include comment 'printonly' Include comment 'anonsuppress'
\@quotelevel=\count455
\@quotereset=\count456
 (./sample-acmsmall-biblatex.aux)
\openout1 = `sample-acmsmall-biblatex.aux'.

LaTeX Font Info:    Checking defaults for OML/nxlmi/m/it on input line 108.
LaTeX Font Info:    Trying to load font information for OML+nxlmi on input line 108.
 (/usr/local/texlive/2022/texmf-dist/tex/latex/newtx/omlnxlmi.fd
File: omlnxlmi.fd 2013/11/19 Fontinst v1.933 font definitions for OML/nxlmi.
)
LaTeX Font Info:    ... okay on input line 108.
LaTeX Font Info:    Checking defaults for OMS/cmsy/m/n on input line 108.
LaTeX Font Info:    ... okay on input line 108.
LaTeX Font Info:    Checking defaults for OT1/cmr/m/n on input line 108.
LaTeX Font Info:    ... okay on input line 108.
LaTeX Font Info:    Checking defaults for T1/cmr/m/n on input line 108.
LaTeX Font Info:    ... okay on input line 108.
LaTeX Font Info:    Checking defaults for TS1/cmr/m/n on input line 108.
LaTeX Font Info:    Trying to load font information for TS1+cmr on input line 108.
 (/usr/local/texlive/2022/texmf-dist/tex/latex/base/ts1cmr.fd
File: ts1cmr.fd 2019/12/16 v2.5j Standard LaTeX font definitions
)
LaTeX Font Info:    ... okay on input line 108.
LaTeX Font Info:    Checking defaults for TU/lmr/m/n on input line 108.
LaTeX Font Info:    ... okay on input line 108.
LaTeX Font Info:    Checking defaults for OMX/cmex/m/n on input line 108.
LaTeX Font Info:    ... okay on input line 108.
LaTeX Font Info:    Checking defaults for U/ntxexa/m/n on input line 108.
LaTeX Font Info:    Trying to load font information for U+ntxexa on input line 108.
 (/usr/local/texlive/2022/texmf-dist/tex/latex/newtx/untxexa.fd
File: untxexa.fd 2012/04/16 Fontinst v1.933 font definitions for U/ntxexa.
)
LaTeX Font Info:    ... okay on input line 108.
LaTeX Font Info:    Checking defaults for PD1/pdf/m/n on input line 108.
LaTeX Font Info:    ... okay on input line 108.
LaTeX Font Info:    Checking defaults for PU/pdf/m/n on input line 108.
LaTeX Font Info:    ... okay on input line 108.
LaTeX Font Info:    Checking defaults for LMS/ntxsy/m/n on input line 108.
LaTeX Font Info:    Trying to load font information for LMS+ntxsy on input line 108.
 (/usr/local/texlive/2022/texmf-dist/tex/latex/newtx/lmsntxsy.fd
File: lmsntxsy.fd 2016/07/02 Fontinst v1.933 font definitions for LMS/ntxsy.
)
LaTeX Font Info:    ... okay on input line 108.
LaTeX Font Info:    Checking defaults for LMX/ntxexx/m/n on input line 108.
LaTeX Font Info:    Trying to load font information for LMX+ntxexx on input line 108.
 (/usr/local/texlive/2022/texmf-dist/tex/latex/newtx/lmxntxexx.fd
File: lmxntxexx.fd 2016/07/03 Fontinst v1.933 font definitions for LMX/ntxexx.
)
LaTeX Font Info:    ... okay on input line 108.
LaTeX Font Info:    Font shape `TU/LinLibertine(0)/m/n' will be
(Font)              scaled to size 8.0pt on input line 108.
Requested font "[LinLibertine_R.otf]/OT:script=latn;language=dflt;+tnum;+lnum;mapping=tex-text;" at 8.0pt
 -> /usr/local/texlive/2022/texmf-dist/fonts/opentype/public/libertine/LinLibertine_R.otf
LaTeX Font Info:    Trying to load font information for OT1+minlibertine on input line 108.
 (/usr/local/texlive/2022/texmf-dist/tex/latex/newtx/ot1minlibertine.fd
File: ot1minlibertine.fd 2013/10/12 v1.0
)
Requested font "MinLibReg-ot1" at 8.0pt
 -> /usr/local/texlive/2022/texmf-dist/fonts/tfm/public/newtx/MinLibReg-ot1.tfm
Requested font "MinLibReg-ot1" at 6.2pt
 -> /usr/local/texlive/2022/texmf-dist/fonts/tfm/public/newtx/MinLibReg-ot1.tfm
Requested font "MinLibReg-ot1" at 5.5pt
 -> /usr/local/texlive/2022/texmf-dist/fonts/tfm/public/newtx/MinLibReg-ot1.tfm
Requested font "nxlmi7" at 8.0pt
 -> /usr/local/texlive/2022/texmf-dist/fonts/tfm/public/newtx/nxlmi7.tfm
Requested font "nxlmi5" at 6.2pt
 -> /usr/local/texlive/2022/texmf-dist/fonts/tfm/public/newtx/nxlmi5.tfm
Requested font "nxlmi5" at 5.5pt
 -> /usr/local/texlive/2022/texmf-dist/fonts/tfm/public/newtx/nxlmi5.tfm
Requested font "ntxsy7" at 8.0pt
 -> /usr/local/texlive/2022/texmf-dist/fonts/tfm/public/newtx/ntxsy7.tfm
Requested font "ntxsy5" at 6.2pt
 -> /usr/local/texlive/2022/texmf-dist/fonts/tfm/public/newtx/ntxsy5.tfm
Requested font "ntxsy5" at 5.5pt
 -> /usr/local/texlive/2022/texmf-dist/fonts/tfm/public/newtx/ntxsy5.tfm
Requested font "ntxexx" at 8.0pt
 -> /usr/local/texlive/2022/texmf-dist/fonts/tfm/public/newtx/ntxexx.tfm
Requested font "ntxexx" at 6.2pt
 -> /usr/local/texlive/2022/texmf-dist/fonts/tfm/public/newtx/ntxexx.tfm
Requested font "ntxexx" at 5.5pt
 -> /usr/local/texlive/2022/texmf-dist/fonts/tfm/public/newtx/ntxexx.tfm
LaTeX Font Info:    Trying to load font information for U+msa on input line 108.
 (/usr/local/texlive/2022/texmf-dist/tex/latex/amsfonts/umsa.fd
File: umsa.fd 2013/01/14 v3.01 AMS symbols A
)
Requested font "msam10" at 8.0pt
 -> /usr/local/texlive/2022/texmf-dist/fonts/tfm/public/amsfonts/symbols/msam10.tfm
Requested font "msam7" at 6.2pt
 -> /usr/local/texlive/2022/texmf-dist/fonts/tfm/public/amsfonts/symbols/msam7.tfm
Requested font "msam5" at 5.5pt
 -> /usr/local/texlive/2022/texmf-dist/fonts/tfm/public/amsfonts/symbols/msam5.tfm
LaTeX Font Info:    Trying to load font information for U+msb on input line 108.
 (/usr/local/texlive/2022/texmf-dist/tex/latex/amsfonts/umsb.fd
File: umsb.fd 2013/01/14 v3.01 AMS symbols B
)
Requested font "msbm10" at 8.0pt
 -> /usr/local/texlive/2022/texmf-dist/fonts/tfm/public/amsfonts/symbols/msbm10.tfm
Requested font "msbm7" at 6.2pt
 -> /usr/local/texlive/2022/texmf-dist/fonts/tfm/public/amsfonts/symbols/msbm7.tfm
Requested font "msbm5" at 5.5pt
 -> /usr/local/texlive/2022/texmf-dist/fonts/tfm/public/amsfonts/symbols/msbm5.tfm
LaTeX Font Info:    Trying to load font information for U+ntxmia on input line 108.
 (/usr/local/texlive/2022/texmf-dist/tex/latex/newtx/untxmia.fd
File: untxmia.fd 2018/04/14 Fontinst v1.933 font definitions for U/ntxmia.
)
Requested font "nxlmia" at 8.0pt
 -> /usr/local/texlive/2022/texmf-dist/fonts/tfm/public/newtx/nxlmia.tfm
Requested font "nxlmia" at 6.2pt
 -> /usr/local/texlive/2022/texmf-dist/fonts/tfm/public/newtx/nxlmia.tfm
Requested font "nxlmia" at 5.5pt
 -> /usr/local/texlive/2022/texmf-dist/fonts/tfm/public/newtx/nxlmia.tfm
LaTeX Font Info:    Trying to load font information for U+ntxsym on input line 108.
 (/usr/local/texlive/2022/texmf-dist/tex/latex/newtx/untxsym.fd
File: untxsym.fd 2015/03/20 Fontinst v1.933 font definitions for U/ntxsym.
)
Requested font "ntxsym" at 8.0pt
 -> /usr/local/texlive/2022/texmf-dist/fonts/tfm/public/newtx/ntxsym.tfm
Requested font "ntxsym" at 6.2pt
 -> /usr/local/texlive/2022/texmf-dist/fonts/tfm/public/newtx/ntxsym.tfm
Requested font "ntxsym" at 5.5pt
 -> /usr/local/texlive/2022/texmf-dist/fonts/tfm/public/newtx/ntxsym.tfm
LaTeX Font Info:    Trying to load font information for U+ntxsyc on input line 108.
 (/usr/local/texlive/2022/texmf-dist/tex/latex/newtx/untxsyc.fd
File: untxsyc.fd 2012/04/12 Fontinst v1.933 font definitions for U/ntxsyc.
)
Requested font "ntxsyc" at 8.0pt
 -> /usr/local/texlive/2022/texmf-dist/fonts/tfm/public/newtx/ntxsyc.tfm
Requested font "ntxsyc" at 6.2pt
 -> /usr/local/texlive/2022/texmf-dist/fonts/tfm/public/newtx/ntxsyc.tfm
Requested font "ntxsyc" at 5.5pt
 -> /usr/local/texlive/2022/texmf-dist/fonts/tfm/public/newtx/ntxsyc.tfm
Requested font "ntxexa" at 8.0pt
 -> /usr/local/texlive/2022/texmf-dist/fonts/tfm/public/newtx/ntxexa.tfm
Requested font "ntxexa" at 6.2pt
 -> /usr/local/texlive/2022/texmf-dist/fonts/tfm/public/newtx/ntxexa.tfm
Requested font "ntxexa" at 5.5pt
 -> /usr/local/texlive/2022/texmf-dist/fonts/tfm/public/newtx/ntxexa.tfm
LaTeX Info: Redefining \microtypecontext on input line 108.
Package microtype Info: Applying patch `item' on input line 108.
Package microtype Info: Applying patch `toc' on input line 108.
Package microtype Info: Applying patch `eqnum' on input line 108.
Package microtype Info: Applying patch `footnote' on input line 108.
Package microtype Info: Character protrusion enabled (level 2).
Package microtype Info: Using default protrusion set `alltext'.
Package microtype Info: No adjustment of tracking.
Package microtype Info: No adjustment of spacing.
Package microtype Info: No adjustment of kerning.
Package microtype Info: Loading generic protrusion settings for font family
(microtype)             `LinLibertine' (encoding: TU).
(microtype)             For optimal results, create family-specific settings.
(microtype)             See the microtype manual for details.
Package hyperref Info: Link coloring OFF on input line 108.
 (/usr/local/texlive/2022/texmf-dist/tex/latex/hyperref/nameref.sty
Package: nameref 2021-04-02 v2.47 Cross-referencing by name of section
 (/usr/local/texlive/2022/texmf-dist/tex/generic/gettitlestring/gettitlestring.sty
Package: gettitlestring 2019/12/15 v1.6 Cleanup title references (HO)
)
\c@section@level=\count457
)
LaTeX Info: Redefining \ref on input line 108.
LaTeX Info: Redefining \pageref on input line 108.
LaTeX Info: Redefining \nameref on input line 108.
 (./sample-acmsmall-biblatex.out) (./sample-acmsmall-biblatex.out)
\@outlinefile=\write5
\openout5 = `sample-acmsmall-biblatex.out'.


*geometry* driver: auto-detecting
*geometry* detected driver: xetex
*geometry* verbose mode - [ preamble ] result:
* driver: xetex
* paper: custom
* layout: <same size as paper>
* layoutoffset:(h,v)=(0.0pt,0.0pt)
* modes: includehead includefoot twoside heightrounded 
* h-part:(L,W,R)=(46.0pt, 395.8225pt, 46.0pt)
* v-part:(T,H,B)=(58.0pt, 620.7pt, 44.0pt)
* \paperwidth=487.8225pt
* \paperheight=722.7pt
* \textwidth=395.8225pt
* \textheight=574.0pt
* \oddsidemargin=-26.26999pt
* \evensidemargin=-26.26999pt
* \topmargin=-14.26999pt
* \headheight=13.0pt
* \headsep=14.0pt
* \topskip=10.0pt
* \footskip=24.0pt
* \marginparwidth=24.0pt
* \marginparsep=11.0pt
* \columnsep=10.0pt
* \skip\footins=7.0pt plus 11.0pt
* \hoffset=0.0pt
* \voffset=0.0pt
* \mag=1000
* \@twocolumnfalse
* \@twosidetrue
* \@mparswitchtrue
* \@reversemarginfalse
* (1in=72.27pt=25.4mm, 1cm=28.453pt)

Package caption Info: Begin \AtBeginDocument code.
Package caption Info: float package is loaded.
Package caption Info: End \AtBeginDocument code.
Package biblatex Info: Trying to load language 'american'...
Package biblatex Info: ... file 'american.lbx' found.
(/usr/local/texlive/2022/texmf-dist/tex/latex/biblatex/lbx/american.lbx
File: american.lbx 2022/02/02 v3.17 biblatex localization (PK/MW)
Package biblatex Info: Trying to load language 'english' -> 'english-software'...
Package biblatex Info: ... file 'english-software.lbx' found.
 (/usr/local/texlive/2022/texmf-dist/tex/latex/biblatex-software/english-software.lbx
File: english-software.lbx 2020/04/02 english with additions for software
Package biblatex Info: Trying to load language 'english'...
Package biblatex Info: ... file 'english.lbx' found.
 (/usr/local/texlive/2022/texmf-dist/tex/latex/biblatex/lbx/english.lbx
File: english.lbx 2022/02/02 v3.17 biblatex localization (PK/MW)
))
Package biblatex Info: Trying to load language 'english' -> 'english-software'...
Package biblatex Info: ... file 'english-software.lbx' found.
 (/usr/local/texlive/2022/texmf-dist/tex/latex/biblatex-software/english-software.lbx
File: english-software.lbx 2020/04/02 english with additions for software
Package biblatex Info: Trying to load language 'english'...
Package biblatex Info: ... file 'english.lbx' found.
 (/usr/local/texlive/2022/texmf-dist/tex/latex/biblatex/lbx/english.lbx
File: english.lbx 2022/02/02 v3.17 biblatex localization (PK/MW)
)))
Package biblatex Info: XeTeX detected.
(biblatex)             Assuming input encoding 'utf8'.
Package biblatex Info: Automatic encoding selection.
(biblatex)             Assuming data encoding 'utf8'.
\openout4 = `sample-acmsmall-biblatex.bcf'.

Package biblatex Info: Trying to load bibliographic data...
Package biblatex Info: ... file 'sample-acmsmall-biblatex.bbl' not found.

No file sample-acmsmall-biblatex.bbl.
Package biblatex Info: Reference section=0 on input line 108.
Package biblatex Info: Reference segment=0 on input line 108.
Excluding 'CCSXML' comment.
LaTeX Font Info:    Font shape `TU/LinLibertine(0)/m/n' will be
(Font)              scaled to size 14.4pt on input line 259.
Requested font "[LinLibertine_R.otf]/OT:script=latn;language=dflt;+tnum;+lnum;mapping=tex-text;" at 14.4pt
 -> /usr/local/texlive/2022/texmf-dist/fonts/opentype/public/libertine/LinLibertine_R.otf
LaTeX Font Info:    Font shape `TU/LinBiolinum(0)/m/n' will be
(Font)              scaled to size 14.4pt on input line 259.
Requested font "[LinBiolinum_R.otf]/OT:script=latn;language=dflt;+tnum;+lnum;mapping=tex-text;" at 14.4pt
 -> /usr/local/texlive/2022/texmf-dist/fonts/opentype/public/libertine/LinBiolinum_R.otf
Package microtype Info: Loading generic protrusion settings for font family
(microtype)             `LinBiolinum' (encoding: TU).
(microtype)             For optimal results, create family-specific settings.
(microtype)             See the microtype manual for details.
LaTeX Font Info:    Font shape `TU/LinBiolinum(0)/b/n' will be
(Font)              scaled to size 14.4pt on input line 259.
Requested font "[LinBiolinum_RB.otf]/OT:script=latn;language=dflt;+tnum;+lnum;mapping=tex-text;" at 14.4pt
 -> /usr/local/texlive/2022/texmf-dist/fonts/opentype/public/libertine/LinBiolinum_RB.otf
LaTeX Font Info:    Font shape `TU/LinLibertine(0)/m/n' will be
(Font)              scaled to size 10.95pt on input line 259.
Requested font "[LinLibertine_R.otf]/OT:script=latn;language=dflt;+tnum;+lnum;mapping=tex-text;" at 10.95pt
 -> /usr/local/texlive/2022/texmf-dist/fonts/opentype/public/libertine/LinLibertine_R.otf
LaTeX Font Info:    Font shape `TU/LinBiolinum(0)/m/n' will be
(Font)              scaled to size 10.95pt on input line 259.
Requested font "[LinBiolinum_R.otf]/OT:script=latn;language=dflt;+tnum;+lnum;mapping=tex-text;" at 10.95pt
 -> /usr/local/texlive/2022/texmf-dist/fonts/opentype/public/libertine/LinBiolinum_R.otf
Requested font "MinLibReg-ot1" at 10.95pt
 -> /usr/local/texlive/2022/texmf-dist/fonts/tfm/public/newtx/MinLibReg-ot1.tfm
Package microtype Info: Loading generic protrusion settings for font family
(microtype)             `minlibertine' (encoding: OT1).
(microtype)             For optimal results, create family-specific settings.
(microtype)             See the microtype manual for details.
Package microtype Info: Character `AE ' is missing
(microtype)             in font `OT1/minlibertine/m/n/10.95'.
(microtype)             Ignoring protrusion settings for this character.
Package microtype Info: Character `AE ' is missing
(microtype)             in font `OT1/minlibertine/m/n/8'.
(microtype)             Ignoring protrusion settings for this character.
Requested font "MinLibReg-ot1" at 6.1pt
 -> /usr/local/texlive/2022/texmf-dist/fonts/tfm/public/newtx/MinLibReg-ot1.tfm
Package microtype Info: Character `AE ' is missing
(microtype)             in font `OT1/minlibertine/m/n/6.1'.
(microtype)             Ignoring protrusion settings for this character.
Requested font "nxlmi" at 10.95pt
 -> /usr/local/texlive/2022/texmf-dist/fonts/tfm/public/newtx/nxlmi.tfm
Requested font "nxlmi5" at 6.1pt
 -> /usr/local/texlive/2022/texmf-dist/fonts/tfm/public/newtx/nxlmi5.tfm
Requested font "ntxsy" at 10.95pt
 -> /usr/local/texlive/2022/texmf-dist/fonts/tfm/public/newtx/ntxsy.tfm
Requested font "ntxsy5" at 6.1pt
 -> /usr/local/texlive/2022/texmf-dist/fonts/tfm/public/newtx/ntxsy5.tfm
Requested font "ntxexx" at 10.95pt
 -> /usr/local/texlive/2022/texmf-dist/fonts/tfm/public/newtx/ntxexx.tfm
Requested font "ntxexx" at 6.1pt
 -> /usr/local/texlive/2022/texmf-dist/fonts/tfm/public/newtx/ntxexx.tfm
Requested font "msam10" at 10.95pt
 -> /usr/local/texlive/2022/texmf-dist/fonts/tfm/public/amsfonts/symbols/msam10.tfm
 (/usr/local/texlive/2022/texmf-dist/tex/latex/microtype/mt-msa.cfg
File: mt-msa.cfg 2006/02/04 v1.1 microtype config. file: AMS symbols (a) (RS)
)
Requested font "msam7" at 6.1pt
 -> /usr/local/texlive/2022/texmf-dist/fonts/tfm/public/amsfonts/symbols/msam7.tfm
Requested font "msbm10" at 10.95pt
 -> /usr/local/texlive/2022/texmf-dist/fonts/tfm/public/amsfonts/symbols/msbm10.tfm
 (/usr/local/texlive/2022/texmf-dist/tex/latex/microtype/mt-msb.cfg
File: mt-msb.cfg 2005/06/01 v1.0 microtype config. file: AMS symbols (b) (RS)
)
Requested font "msbm7" at 6.1pt
 -> /usr/local/texlive/2022/texmf-dist/fonts/tfm/public/amsfonts/symbols/msbm7.tfm
Requested font "nxlmia" at 10.95pt
 -> /usr/local/texlive/2022/texmf-dist/fonts/tfm/public/newtx/nxlmia.tfm
Requested font "nxlmia" at 6.1pt
 -> /usr/local/texlive/2022/texmf-dist/fonts/tfm/public/newtx/nxlmia.tfm
Requested font "ntxsym" at 10.95pt
 -> /usr/local/texlive/2022/texmf-dist/fonts/tfm/public/newtx/ntxsym.tfm
Requested font "ntxsym" at 6.1pt
 -> /usr/local/texlive/2022/texmf-dist/fonts/tfm/public/newtx/ntxsym.tfm
Requested font "ntxsyc" at 10.95pt
 -> /usr/local/texlive/2022/texmf-dist/fonts/tfm/public/newtx/ntxsyc.tfm
Requested font "ntxsyc" at 6.1pt
 -> /usr/local/texlive/2022/texmf-dist/fonts/tfm/public/newtx/ntxsyc.tfm
Requested font "ntxexa" at 10.95pt
 -> /usr/local/texlive/2022/texmf-dist/fonts/tfm/public/newtx/ntxexa.tfm
Requested font "ntxexa" at 6.1pt
 -> /usr/local/texlive/2022/texmf-dist/fonts/tfm/public/newtx/ntxexa.tfm
LaTeX Font Info:    Font shape `TU/LinBiolinum(0)/m/n' will be
(Font)              scaled to size 9.0pt on input line 259.
Requested font "[LinBiolinum_R.otf]/OT:script=latn;language=dflt;+tnum;+lnum;mapping=tex-text;" at 9.0pt
 -> /usr/local/texlive/2022/texmf-dist/fonts/opentype/public/libertine/LinBiolinum_R.otf
LaTeX Font Info:    Font shape `TU/LinLibertine(0)/m/n' will be
(Font)              scaled to size 9.0pt on input line 259.
Requested font "[LinLibertine_R.otf]/OT:script=latn;language=dflt;+tnum;+lnum;mapping=tex-text;" at 9.0pt
 -> /usr/local/texlive/2022/texmf-dist/fonts/opentype/public/libertine/LinLibertine_R.otf
Package microtype Info: Character `AE ' is missing
(microtype)             in font `OT1/minlibertine/m/n/6.2'.
(microtype)             Ignoring protrusion settings for this character.
Package microtype Info: Character `AE ' is missing
(microtype)             in font `OT1/minlibertine/m/n/5.5'.
(microtype)             Ignoring protrusion settings for this character.
LaTeX Font Info:    Font shape `TU/LinLibertine(0)/m/n' will be
(Font)              scaled to size 6.2pt on input line 259.
Requested font "[LinLibertine_R.otf]/OT:script=latn;language=dflt;+tnum;+lnum;mapping=tex-text;" at 6.2pt
 -> /usr/local/texlive/2022/texmf-dist/fonts/opentype/public/libertine/LinLibertine_R.otf
Requested font "MinLibReg-ot1" at 9.0pt
 -> /usr/local/texlive/2022/texmf-dist/fonts/tfm/public/newtx/MinLibReg-ot1.tfm
Package microtype Info: Character `AE ' is missing
(microtype)             in font `OT1/minlibertine/m/n/9'.
(microtype)             Ignoring protrusion settings for this character.
Requested font "MinLibReg-ot1" at 7.3pt
 -> /usr/local/texlive/2022/texmf-dist/fonts/tfm/public/newtx/MinLibReg-ot1.tfm
Package microtype Info: Character `AE ' is missing
(microtype)             in font `OT1/minlibertine/m/n/7.3'.
(microtype)             Ignoring protrusion settings for this character.
Requested font "nxlmi" at 9.0pt
 -> /usr/local/texlive/2022/texmf-dist/fonts/tfm/public/newtx/nxlmi.tfm
Requested font "nxlmi7" at 7.3pt
 -> /usr/local/texlive/2022/texmf-dist/fonts/tfm/public/newtx/nxlmi7.tfm
Requested font "ntxsy" at 9.0pt
 -> /usr/local/texlive/2022/texmf-dist/fonts/tfm/public/newtx/ntxsy.tfm
Requested font "ntxsy7" at 7.3pt
 -> /usr/local/texlive/2022/texmf-dist/fonts/tfm/public/newtx/ntxsy7.tfm
Requested font "ntxexx" at 9.0pt
 -> /usr/local/texlive/2022/texmf-dist/fonts/tfm/public/newtx/ntxexx.tfm
Requested font "ntxexx" at 7.3pt
 -> /usr/local/texlive/2022/texmf-dist/fonts/tfm/public/newtx/ntxexx.tfm
Requested font "msam10" at 9.0pt
 -> /usr/local/texlive/2022/texmf-dist/fonts/tfm/public/amsfonts/symbols/msam10.tfm
Requested font "msam7" at 7.3pt
 -> /usr/local/texlive/2022/texmf-dist/fonts/tfm/public/amsfonts/symbols/msam7.tfm
Requested font "msbm10" at 9.0pt
 -> /usr/local/texlive/2022/texmf-dist/fonts/tfm/public/amsfonts/symbols/msbm10.tfm
Requested font "msbm7" at 7.3pt
 -> /usr/local/texlive/2022/texmf-dist/fonts/tfm/public/amsfonts/symbols/msbm7.tfm
Requested font "nxlmia" at 9.0pt
 -> /usr/local/texlive/2022/texmf-dist/fonts/tfm/public/newtx/nxlmia.tfm
Requested font "nxlmia" at 7.3pt
 -> /usr/local/texlive/2022/texmf-dist/fonts/tfm/public/newtx/nxlmia.tfm
Requested font "ntxsym" at 9.0pt
 -> /usr/local/texlive/2022/texmf-dist/fonts/tfm/public/newtx/ntxsym.tfm
Requested font "ntxsym" at 7.3pt
 -> /usr/local/texlive/2022/texmf-dist/fonts/tfm/public/newtx/ntxsym.tfm
Requested font "ntxsyc" at 9.0pt
 -> /usr/local/texlive/2022/texmf-dist/fonts/tfm/public/newtx/ntxsyc.tfm
Requested font "ntxsyc" at 7.3pt
 -> /usr/local/texlive/2022/texmf-dist/fonts/tfm/public/newtx/ntxsyc.tfm
Requested font "ntxexa" at 9.0pt
 -> /usr/local/texlive/2022/texmf-dist/fonts/tfm/public/newtx/ntxexa.tfm
Requested font "ntxexa" at 7.3pt
 -> /usr/local/texlive/2022/texmf-dist/fonts/tfm/public/newtx/ntxexa.tfm
LaTeX Font Info:    Font shape `TU/LinLibertine(0)/m/n' will be
(Font)              scaled to size 7.3pt on input line 259.
Requested font "[LinLibertine_R.otf]/OT:script=latn;language=dflt;+tnum;+lnum;mapping=tex-text;" at 7.3pt
 -> /usr/local/texlive/2022/texmf-dist/fonts/opentype/public/libertine/LinLibertine_R.otf
LaTeX Font Info:    Font shape `TU/LinLibertine(0)/b/n' will be
(Font)              scaled to size 9.0pt on input line 259.
Requested font "[LinLibertine_RB.otf]/OT:script=latn;language=dflt;+tnum;+lnum;mapping=tex-text;" at 9.0pt
 -> /usr/local/texlive/2022/texmf-dist/fonts/opentype/public/libertine/LinLibertine_RB.otf
LaTeX Font Info:    Font shape `TU/LinLibertine(0)/m/it' will be
(Font)              scaled to size 9.0pt on input line 259.
Requested font "[LinLibertine_RI.otf]/OT:script=latn;language=dflt;+tnum;+lnum;mapping=tex-text;" at 9.0pt
 -> /usr/local/texlive/2022/texmf-dist/fonts/opentype/public/libertine/LinLibertine_RI.otf
LaTeX Font Info:    Font shape `TU/LinBiolinum(0)/m/n' will be
(Font)              scaled to size 10.0pt on input line 260.
Requested font "[LinBiolinum_R.otf]/OT:script=latn;language=dflt;+tnum;+lnum;mapping=tex-text;" at 10.0pt
 -> /usr/local/texlive/2022/texmf-dist/fonts/opentype/public/libertine/LinBiolinum_R.otf
LaTeX Font Info:    Font shape `TU/LinBiolinum(0)/b/n' will be
(Font)              scaled to size 10.0pt on input line 260.
Requested font "[LinBiolinum_RB.otf]/OT:script=latn;language=dflt;+tnum;+lnum;mapping=tex-text;" at 10.0pt
 -> /usr/local/texlive/2022/texmf-dist/fonts/opentype/public/libertine/LinBiolinum_RB.otf
Requested font "MinLibReg-ot1" at 10.0pt
 -> /usr/local/texlive/2022/texmf-dist/fonts/tfm/public/newtx/MinLibReg-ot1.tfm
Package microtype Info: Character `AE ' is missing
(microtype)             in font `OT1/minlibertine/m/n/10'.
(microtype)             Ignoring protrusion settings for this character.
Requested font "nxlmi" at 10.0pt
 -> /usr/local/texlive/2022/texmf-dist/fonts/tfm/public/newtx/nxlmi.tfm
Requested font "ntxsy" at 10.0pt
 -> /usr/local/texlive/2022/texmf-dist/fonts/tfm/public/newtx/ntxsy.tfm
Requested font "ntxexx" at 10.0pt
 -> /usr/local/texlive/2022/texmf-dist/fonts/tfm/public/newtx/ntxexx.tfm
Requested font "msam10" at 10.0pt
 -> /usr/local/texlive/2022/texmf-dist/fonts/tfm/public/amsfonts/symbols/msam10.tfm
Requested font "msbm10" at 10.0pt
 -> /usr/local/texlive/2022/texmf-dist/fonts/tfm/public/amsfonts/symbols/msbm10.tfm
Requested font "nxlmia" at 10.0pt
 -> /usr/local/texlive/2022/texmf-dist/fonts/tfm/public/newtx/nxlmia.tfm
Requested font "ntxsym" at 10.0pt
 -> /usr/local/texlive/2022/texmf-dist/fonts/tfm/public/newtx/ntxsym.tfm
Requested font "ntxsyc" at 10.0pt
 -> /usr/local/texlive/2022/texmf-dist/fonts/tfm/public/newtx/ntxsyc.tfm
Requested font "ntxexa" at 10.0pt
 -> /usr/local/texlive/2022/texmf-dist/fonts/tfm/public/newtx/ntxexa.tfm


LaTeX Warning: Citation '85' on page 1 undefined on input line 263.

LaTeX Font Info:    Font shape `TU/LinLibertine(0)/b/n' will be
(Font)              scaled to size 10.0pt on input line 263.
Requested font "[LinLibertine_RB.otf]/OT:script=latn;language=dflt;+tnum;+lnum;mapping=tex-text;" at 10.0pt
 -> /usr/local/texlive/2022/texmf-dist/fonts/opentype/public/libertine/LinLibertine_RB.otf

LaTeX Warning: Citation '15' on page 1 undefined on input line 263.


LaTeX Warning: Citation '26' on page 1 undefined on input line 263.

[1.1]

LaTeX Warning: Citation '31' on page 2 undefined on input line 266.


LaTeX Warning: Citation '10' on page 2 undefined on input line 266.


LaTeX Warning: Citation '17' on page 2 undefined on input line 266.


LaTeX Warning: Citation '18' on page 2 undefined on input line 266.


LaTeX Warning: Citation '20' on page 2 undefined on input line 266.


LaTeX Warning: Citation '25' on page 2 undefined on input line 266.


LaTeX Warning: Citation '41' on page 2 undefined on input line 266.


LaTeX Warning: Citation '57' on page 2 undefined on input line 266.


LaTeX Warning: Citation '17' on page 2 undefined on input line 272.


LaTeX Warning: Citation '146' on page 2 undefined on input line 272.


LaTeX Warning: Citation '116' on page 2 undefined on input line 272.


LaTeX Warning: Citation '9' on page 2 undefined on input line 272.


LaTeX Warning: Citation '18' on page 2 undefined on input line 272.


LaTeX Warning: Citation '92' on page 2 undefined on input line 272.


LaTeX Warning: Citation '25' on page 2 undefined on input line 274.


LaTeX Warning: Citation '20' on page 2 undefined on input line 274.


LaTeX Warning: Citation '57' on page 2 undefined on input line 274.


LaTeX Warning: Citation '145' on page 2 undefined on input line 274.


LaTeX Warning: Citation '41' on page 2 undefined on input line 274.


LaTeX Warning: Citation '103' on page 2 undefined on input line 274.

LaTeX Font Info:    Font shape `TU/LinBiolinum(0)/m/n' will be
(Font)              scaled to size 8.0pt on input line 275.
Requested font "[LinBiolinum_R.otf]/OT:script=latn;language=dflt;+tnum;+lnum;mapping=tex-text;" at 8.0pt
 -> /usr/local/texlive/2022/texmf-dist/fonts/opentype/public/libertine/LinBiolinum_R.otf
[2.2]

LaTeX Warning: Citation '121' on page 3 undefined on input line 279.


LaTeX Warning: Citation '73' on page 3 undefined on input line 279.


LaTeX Warning: Citation '64' on page 3 undefined on input line 279.


LaTeX Warning: Citation '111' on page 3 undefined on input line 281.


LaTeX Warning: Citation '12' on page 3 undefined on input line 281.


LaTeX Warning: Citation '62' on page 3 undefined on input line 281.


LaTeX Warning: Empty bibliography on input line 285.

(/usr/local/texlive/2022/texmf-dist/tex/generic/stringenc/se-pdfdoc.def
File: se-pdfdoc.def 2019/11/29 v1.12 stringenc: PDFDocEncoding
) (/usr/local/texlive/2022/texmf-dist/tex/generic/stringenc/se-utf32be.def
File: se-utf32be.def 2019/11/29 v1.12 stringenc: UTF-32BE
)

Class acmart Warning: \vspace should only be used to provide space above/below surrounding objects on input line 321.

[3.3] (./sample-acmsmall-biblatex.aux)

LaTeX Warning: There were undefined references.


Package rerunfilecheck Warning: File `sample-acmsmall-biblatex.out' has changed.
(rerunfilecheck)                Rerun to get outlines right
(rerunfilecheck)                or use package `bookmark'.

Package rerunfilecheck Info: Checksums for `sample-acmsmall-biblatex.out':
(rerunfilecheck)             Before: 64B3BDEAF2D754975FB35811034B7203;360
(rerunfilecheck)             After:  1821FB7CC913C8AEA14428C8902ECD2F;576.

Package biblatex Warning: Please (re)run Biber on the file:
(biblatex)                sample-acmsmall-biblatex
(biblatex)                and rerun LaTeX afterwards.

Package logreq Info: Writing requests to 'sample-acmsmall-biblatex.run.xml'.
\openout1 = `sample-acmsmall-biblatex.run.xml'.

 ) 
Here is how much of TeX's memory you used:
 37557 strings out of 476179
 739144 string characters out of 5809544
 1516609 words of memory out of 5000000
 57662 multiletter control sequences out of 15000+600000
 509850 words of font info for 164 fonts, out of 8000000 for 9000
 1509 hyphenation exceptions out of 8191
 103i,17n,131p,1785b,32790s stack positions out of 10000i,1000n,20000p,200000b,200000s

Output written on sample-acmsmall-biblatex.pdf (3 pages).
